{"/Users/scott/Dev/Code/redux-firebasev3/source/helpers.js":{"path":"/Users/scott/Dev/Code/redux-firebasev3/source/helpers.js","s":{"1":1,"2":1,"3":1,"4":1,"5":0,"6":1,"7":0,"8":0,"9":0,"10":1,"11":0,"12":0,"13":0,"14":0,"15":0,"16":0,"17":1,"18":0,"19":0,"20":0,"21":0,"22":0,"23":0,"24":0,"25":1,"26":0,"27":0,"28":0,"29":0,"30":0,"31":0,"32":0,"33":1,"34":0,"35":0,"36":0,"37":0,"38":0,"39":1,"40":0,"41":1},"b":{"1":[0,0],"2":[0,0],"3":[0,0],"4":[0,0],"5":[0,0],"6":[0,0],"7":[0,0],"8":[0,0],"9":[0,0],"10":[0,0],"11":[0,0],"12":[0,0],"13":[0,0],"14":[0,0],"15":[0,0]},"f":{"1":0,"2":0,"3":0,"4":0,"5":0,"6":0,"7":0,"8":0,"9":0},"fnMap":{"1":{"name":"fixPath","line":10,"loc":{"start":{"line":3,"column":16},"end":{"line":3,"column":16}}},"2":{"name":"toJS","line":14,"loc":{"start":{"line":5,"column":20},"end":{"line":5,"column":28}}},"3":{"name":"pathToJS","line":22,"loc":{"start":{"line":13,"column":24},"end":{"line":13,"column":53}}},"4":{"name":"dataToJS","line":36,"loc":{"start":{"line":27,"column":24},"end":{"line":27,"column":53}}},"5":{"name":"snapshotToJS","line":52,"loc":{"start":{"line":43,"column":28},"end":{"line":43,"column":61}}},"6":{"name":"isLoaded","line":68,"loc":{"start":{"line":59,"column":24},"end":{"line":59,"column":36}}},"7":{"name":"(anonymous_7)","line":73,"loc":{"start":{"line":64,"column":24},"end":{"line":64,"column":24}}},"8":{"name":"(anonymous_8)","line":75,"loc":{"start":{"line":64,"column":53},"end":{"line":64,"column":53}}},"9":{"name":"isEmpty","line":80,"loc":{"start":{"line":67,"column":23},"end":{"line":67,"column":31}}}},"statementMap":{"1":{"start":{"line":0,"column":0},"end":{"line":0,"column":0},"skip":true},"2":{"start":{"line":0,"column":0},"end":{"line":0,"column":0},"skip":true},"3":{"start":{"line":1,"column":-15},"end":{"line":1,"column":-15}},"4":{"start":{"line":3,"column":0},"end":{"line":3,"column":0}},"5":{"start":{"line":3,"column":16},"end":{"line":3,"column":16}},"6":{"start":{"line":5,"column":7},"end":{"line":5,"column":7}},"7":{"start":{"line":6,"column":2},"end":{"line":8,"column":3}},"8":{"start":{"line":7,"column":4},"end":{"line":7,"column":4}},"9":{"start":{"line":10,"column":2},"end":{"line":10,"column":2}},"10":{"start":{"line":13,"column":7},"end":{"line":13,"column":7}},"11":{"start":{"line":14,"column":2},"end":{"line":16,"column":3}},"12":{"start":{"line":15,"column":4},"end":{"line":15,"column":4}},"13":{"start":{"line":18,"column":2},"end":{"line":18,"column":2}},"14":{"start":{"line":20,"column":2},"end":{"line":22,"column":3}},"15":{"start":{"line":21,"column":4},"end":{"line":21,"column":4}},"16":{"start":{"line":24,"column":2},"end":{"line":24,"column":2}},"17":{"start":{"line":27,"column":7},"end":{"line":27,"column":7}},"18":{"start":{"line":28,"column":2},"end":{"line":30,"column":3}},"19":{"start":{"line":29,"column":4},"end":{"line":29,"column":4}},"20":{"start":{"line":32,"column":2},"end":{"line":32,"column":2}},"21":{"start":{"line":34,"column":2},"end":{"line":34,"column":2}},"22":{"start":{"line":36,"column":2},"end":{"line":38,"column":3}},"23":{"start":{"line":37,"column":4},"end":{"line":37,"column":4}},"24":{"start":{"line":40,"column":2},"end":{"line":40,"column":2}},"25":{"start":{"line":43,"column":7},"end":{"line":43,"column":7}},"26":{"start":{"line":44,"column":2},"end":{"line":46,"column":3}},"27":{"start":{"line":45,"column":4},"end":{"line":45,"column":4}},"28":{"start":{"line":48,"column":2},"end":{"line":48,"column":2}},"29":{"start":{"line":50,"column":2},"end":{"line":50,"column":2}},"30":{"start":{"line":52,"column":2},"end":{"line":54,"column":3}},"31":{"start":{"line":53,"column":4},"end":{"line":53,"column":4}},"32":{"start":{"line":56,"column":2},"end":{"line":56,"column":2}},"33":{"start":{"line":59,"column":7},"end":{"line":59,"column":7}},"34":{"start":{"line":60,"column":2},"end":{"line":62,"column":3}},"35":{"start":{"line":61,"column":4},"end":{"line":61,"column":4}},"36":{"start":{"line":64,"column":2},"end":{"line":64,"column":2}},"37":{"start":{"line":64,"column":24},"end":{"line":64,"column":24}},"38":{"start":{"line":64,"column":53},"end":{"line":64,"column":53}},"39":{"start":{"line":67,"column":7},"end":{"line":67,"column":7}},"40":{"start":{"line":68,"column":2},"end":{"line":68,"column":2}},"41":{"start":{"line":0,"column":0},"end":{"line":0,"column":0},"skip":true}},"branchMap":{"1":{"line":11,"type":"cond-expr","locations":[{"start":{"line":3,"column":58},"end":{"line":3,"column":25}},{"start":{"line":3,"column":63},"end":{"line":3,"column":24}}]},"2":{"line":15,"type":"if","locations":[{"start":{"line":6,"column":2},"end":{"line":6,"column":2}},{"start":{"line":6,"column":2},"end":{"line":6,"column":2}}]},"3":{"line":15,"type":"binary-expr","locations":[{"start":{"line":6,"column":6},"end":{"line":6,"column":6}},{"start":{"line":6,"column":14},"end":{"line":6,"column":2}}]},"4":{"line":23,"type":"if","locations":[{"start":{"line":14,"column":2},"end":{"line":14,"column":2}},{"start":{"line":14,"column":2},"end":{"line":14,"column":2}}]},"5":{"line":29,"type":"if","locations":[{"start":{"line":20,"column":2},"end":{"line":20,"column":2}},{"start":{"line":20,"column":2},"end":{"line":20,"column":2}}]},"6":{"line":37,"type":"if","locations":[{"start":{"line":28,"column":2},"end":{"line":28,"column":2}},{"start":{"line":28,"column":2},"end":{"line":28,"column":2}}]},"7":{"line":37,"type":"binary-expr","locations":[{"start":{"line":28,"column":8},"end":{"line":28,"column":8}},{"start":{"line":28,"column":16},"end":{"line":28,"column":6}}]},"8":{"line":45,"type":"if","locations":[{"start":{"line":36,"column":2},"end":{"line":36,"column":2}},{"start":{"line":36,"column":2},"end":{"line":36,"column":2}}]},"9":{"line":53,"type":"if","locations":[{"start":{"line":44,"column":2},"end":{"line":44,"column":2}},{"start":{"line":44,"column":2},"end":{"line":44,"column":2}}]},"10":{"line":53,"type":"binary-expr","locations":[{"start":{"line":44,"column":8},"end":{"line":44,"column":8}},{"start":{"line":44,"column":20},"end":{"line":44,"column":6}}]},"11":{"line":61,"type":"if","locations":[{"start":{"line":52,"column":2},"end":{"line":52,"column":2}},{"start":{"line":52,"column":2},"end":{"line":52,"column":2}}]},"12":{"line":69,"type":"if","locations":[{"start":{"line":60,"column":2},"end":{"line":60,"column":2}},{"start":{"line":60,"column":2},"end":{"line":60,"column":2}}]},"13":{"line":69,"type":"binary-expr","locations":[{"start":{"line":60,"column":6},"end":{"line":60,"column":6}},{"start":{"line":60,"column":20},"end":{"line":60,"column":2}}]},"14":{"line":76,"type":"binary-expr","locations":[{"start":{"line":64,"column":63},"end":{"line":64,"column":63}},{"start":{"line":64,"column":68},"end":{"line":64,"column":53}}]},"15":{"line":81,"type":"binary-expr","locations":[{"start":{"line":68,"column":11},"end":{"line":68,"column":11}},{"start":{"line":68,"column":19},"end":{"line":68,"column":9}}]}}},"/Users/scott/Dev/Code/redux-firebasev3/source/index.js":{"path":"/Users/scott/Dev/Code/redux-firebasev3/source/index.js","s":{"1":1,"2":1,"3":1,"4":1,"5":1,"6":1,"7":1,"8":1,"9":1,"10":1,"11":1,"12":0,"13":0,"14":0,"15":0,"16":0,"17":0,"18":0,"19":1,"20":3,"21":1},"b":{"1":[1,0],"2":[1,1],"3":[0,0],"4":[0,0],"5":[3,0],"6":[3,3]},"f":{"1":1,"2":3},"fnMap":{"1":{"name":"_interopRequireWildcard","line":19,"loc":{"start":{"line":0,"column":0},"end":{"line":0,"column":0},"skip":true},"skip":true},"2":{"name":"_interopRequireDefault","line":21,"loc":{"start":{"line":0,"column":0},"end":{"line":0,"column":0},"skip":true},"skip":true}},"statementMap":{"1":{"start":{"line":2,"column":0},"end":{"line":2,"column":0}},"2":{"start":{"line":0,"column":0},"end":{"line":0,"column":0},"skip":true},"3":{"start":{"line":3,"column":0},"end":{"line":3,"column":0}},"4":{"start":{"line":0,"column":0},"end":{"line":0,"column":0},"skip":true},"5":{"start":{"line":4,"column":0},"end":{"line":4,"column":0}},"6":{"start":{"line":0,"column":0},"end":{"line":0,"column":0},"skip":true},"7":{"start":{"line":5,"column":0},"end":{"line":5,"column":0}},"8":{"start":{"line":0,"column":0},"end":{"line":0,"column":0},"skip":true},"9":{"start":{"line":0,"column":0},"end":{"line":0,"column":0},"skip":true},"10":{"start":{"line":0,"column":0},"end":{"line":0,"column":0},"skip":true},"11":{"start":{"line":0,"column":0},"end":{"line":0,"column":0},"skip":true},"12":{"start":{"line":0,"column":0},"end":{"line":0,"column":0},"skip":true},"13":{"start":{"line":0,"column":0},"end":{"line":0,"column":0},"skip":true},"14":{"start":{"line":0,"column":0},"end":{"line":0,"column":0},"skip":true},"15":{"start":{"line":0,"column":0},"end":{"line":0,"column":0},"skip":true},"16":{"start":{"line":0,"column":0},"end":{"line":0,"column":0},"skip":true},"17":{"start":{"line":0,"column":0},"end":{"line":0,"column":0},"skip":true},"18":{"start":{"line":0,"column":0},"end":{"line":0,"column":0},"skip":true},"19":{"start":{"line":0,"column":0},"end":{"line":0,"column":0},"skip":true},"20":{"start":{"line":0,"column":0},"end":{"line":0,"column":0},"skip":true},"21":{"start":{"line":7,"column":0},"end":{"line":7,"column":0}}},"branchMap":{"1":{"line":19,"type":"if","locations":[{"start":{"line":0,"column":0},"end":{"line":0,"column":0},"skip":true},{"start":{"line":0,"column":0},"end":{"line":0,"column":0},"skip":true}]},"2":{"line":19,"type":"binary-expr","locations":[{"start":{"line":0,"column":0},"end":{"line":0,"column":0},"skip":true},{"start":{"line":0,"column":0},"end":{"line":0,"column":0},"skip":true}]},"3":{"line":19,"type":"if","locations":[{"start":{"line":0,"column":0},"end":{"line":0,"column":0},"skip":true},{"start":{"line":0,"column":0},"end":{"line":0,"column":0},"skip":true}]},"4":{"line":19,"type":"if","locations":[{"start":{"line":0,"column":0},"end":{"line":0,"column":0},"skip":true},{"start":{"line":0,"column":0},"end":{"line":0,"column":0},"skip":true}]},"5":{"line":21,"type":"cond-expr","locations":[{"start":{"line":0,"column":0},"end":{"line":0,"column":0},"skip":true},{"start":{"line":0,"column":0},"end":{"line":0,"column":0},"skip":true}]},"6":{"line":21,"type":"binary-expr","locations":[{"start":{"line":0,"column":0},"end":{"line":0,"column":0},"skip":true},{"start":{"line":0,"column":0},"end":{"line":0,"column":0},"skip":true}]}}},"/Users/scott/Dev/Code/redux-firebasev3/source/connect.js":{"path":"/Users/scott/Dev/Code/redux-firebasev3/source/connect.js","s":{"1":1,"2":1,"3":0,"4":0,"5":0,"6":0,"7":0,"8":0,"9":1,"10":1,"11":0,"12":0,"13":0,"14":0,"15":0,"16":0,"17":0,"18":1,"19":0,"20":0,"21":0,"22":0,"23":0,"24":1,"25":0,"26":0,"27":1,"28":1,"29":1,"30":1,"31":1,"32":1,"33":0,"34":0,"35":1,"36":0,"37":0,"38":0,"39":1,"40":0,"41":0,"42":0,"43":0,"44":0,"45":1,"46":1,"47":0,"48":0,"49":1,"50":0,"51":0,"52":1,"53":0,"54":0,"55":0,"56":0,"57":0,"58":0,"59":1,"60":0,"61":1,"62":0,"63":0,"64":0,"65":0,"66":0,"67":0,"68":0,"69":0,"70":0,"71":0,"72":0,"73":1,"74":0,"75":0,"76":0,"77":0,"78":1,"79":0,"80":0,"81":0,"82":0,"83":0,"84":0,"85":0,"86":0,"87":0,"88":0,"89":0,"90":0,"91":0,"92":0,"93":0,"94":0,"95":0,"96":0,"97":0,"98":0,"99":0,"100":0,"101":0},"b":{"1":[1,0],"2":[0,0],"3":[0,0],"4":[0,0],"5":[0,0],"6":[0,0],"7":[1,0],"8":[1,1],"9":[0,0],"10":[0,0,0],"11":[0,1],"12":[1,1],"13":[0,0],"14":[0,0],"15":[0,0],"16":[0,0,0],"17":[0,0],"18":[0,0],"19":[0,0],"20":[0,0],"21":[0,0],"22":[0,0],"23":[0,0],"24":[0,0],"25":[0,0,0],"26":[0,0],"27":[0,0],"28":[0,0],"29":[0,0],"30":[0,0],"31":[0,0],"32":[0,0],"33":[0,0],"34":[0,0],"35":[0,0],"36":[0,0]},"f":{"1":0,"2":1,"3":0,"4":0,"5":0,"6":0,"7":1,"8":0,"9":0,"10":0,"11":0,"12":0,"13":0,"14":0,"15":0,"16":0,"17":0,"18":0,"19":0,"20":0,"21":0,"22":0,"23":0,"24":0,"25":0,"26":0},"fnMap":{"1":{"name":"(anonymous_1)","line":7,"loc":{"start":{"line":0,"column":0},"end":{"line":0,"column":0},"skip":true},"skip":true},"2":{"name":"(anonymous_2)","line":9,"loc":{"start":{"line":0,"column":0},"end":{"line":0,"column":0},"skip":true},"skip":true},"3":{"name":"defineProperties","line":9,"loc":{"start":{"line":0,"column":0},"end":{"line":0,"column":0},"skip":true},"skip":true},"4":{"name":"(anonymous_4)","line":9,"loc":{"start":{"line":0,"column":0},"end":{"line":0,"column":0},"skip":true},"skip":true},"5":{"name":"(anonymous_5)","line":11,"loc":{"start":{"line":0,"column":0},"end":{"line":0,"column":0},"skip":true},"skip":true},"6":{"name":"(anonymous_6)","line":11,"loc":{"start":{"line":0,"column":0},"end":{"line":0,"column":0},"skip":true},"skip":true},"7":{"name":"_interopRequireDefault","line":19,"loc":{"start":{"line":0,"column":0},"end":{"line":0,"column":0},"skip":true},"skip":true},"8":{"name":"_classCallCheck","line":21,"loc":{"start":{"line":0,"column":0},"end":{"line":0,"column":0},"skip":true},"skip":true},"9":{"name":"_possibleConstructorReturn","line":23,"loc":{"start":{"line":0,"column":0},"end":{"line":0,"column":0},"skip":true},"skip":true},"10":{"name":"_inherits","line":25,"loc":{"start":{"line":0,"column":0},"end":{"line":0,"column":0},"skip":true},"skip":true},"11":{"name":"ensureCallable","line":32,"loc":{"start":{"line":9,"column":23},"end":{"line":9,"column":23}}},"12":{"name":"(anonymous_12)","line":34,"loc":{"start":{"line":10,"column":44},"end":{"line":10,"column":44}}},"13":{"name":"flatMap","line":40,"loc":{"start":{"line":12,"column":16},"end":{"line":12,"column":16}}},"14":{"name":"(anonymous_14)","line":41,"loc":{"start":{"line":12,"column":56},"end":{"line":12,"column":56}}},"15":{"name":"createEvents","line":46,"loc":{"start":{"line":14,"column":21},"end":{"line":14,"column":39}}},"16":{"name":"transformEvent","line":63,"loc":{"start":{"line":34,"column":23},"end":{"line":34,"column":23}}},"17":{"name":"getEventsFromDefinition","line":67,"loc":{"start":{"line":36,"column":32},"end":{"line":36,"column":32}}},"18":{"name":"(anonymous_18)","line":68,"loc":{"start":{"line":36,"column":55},"end":{"line":36,"column":63}}},"19":{"name":"(anonymous_19)","line":93,"loc":{"start":{"line":59,"column":15},"end":{"line":59,"column":15}}},"20":{"name":"(anonymous_20)","line":95,"loc":{"start":{"line":59,"column":34},"end":{"line":59,"column":54}}},"21":{"name":"(anonymous_21)","line":96,"loc":{"start":{"line":59,"column":54},"end":{"line":59,"column":54}}},"22":{"name":"FirebaseConnect","line":99,"loc":{"start":{"line":62,"column":4},"end":{"line":62,"column":33}}},"23":{"name":"componentWillMount","line":115,"loc":{"start":{"line":59,"column":54},"end":{"line":72,"column":26}}},"24":{"name":"componentWillUnmount","line":134,"loc":{"start":{"line":59,"column":54},"end":{"line":85,"column":28}}},"25":{"name":"render","line":141,"loc":{"start":{"line":59,"column":54},"end":{"line":90,"column":14}}},"26":{"name":"store","line":152,"loc":{"start":{"line":101,"column":11},"end":{"line":101,"column":23}}}},"statementMap":{"1":{"start":{"line":0,"column":0},"end":{"line":0,"column":0},"skip":true},"2":{"start":{"line":0,"column":0},"end":{"line":0,"column":0},"skip":true},"3":{"start":{"line":0,"column":0},"end":{"line":0,"column":0},"skip":true},"4":{"start":{"line":0,"column":0},"end":{"line":0,"column":0},"skip":true},"5":{"start":{"line":0,"column":0},"end":{"line":0,"column":0},"skip":true},"6":{"start":{"line":0,"column":0},"end":{"line":0,"column":0},"skip":true},"7":{"start":{"line":0,"column":0},"end":{"line":0,"column":0},"skip":true},"8":{"start":{"line":0,"column":0},"end":{"line":0,"column":0},"skip":true},"9":{"start":{"line":0,"column":0},"end":{"line":0,"column":0},"skip":true},"10":{"start":{"line":0,"column":0},"end":{"line":0,"column":0},"skip":true},"11":{"start":{"line":0,"column":0},"end":{"line":0,"column":0},"skip":true},"12":{"start":{"line":0,"column":0},"end":{"line":0,"column":0},"skip":true},"13":{"start":{"line":0,"column":0},"end":{"line":0,"column":0},"skip":true},"14":{"start":{"line":0,"column":0},"end":{"line":0,"column":0},"skip":true},"15":{"start":{"line":0,"column":0},"end":{"line":0,"column":0},"skip":true},"16":{"start":{"line":0,"column":0},"end":{"line":0,"column":0},"skip":true},"17":{"start":{"line":0,"column":0},"end":{"line":0,"column":0},"skip":true},"18":{"start":{"line":0,"column":0},"end":{"line":0,"column":0},"skip":true},"19":{"start":{"line":0,"column":0},"end":{"line":0,"column":0},"skip":true},"20":{"start":{"line":0,"column":0},"end":{"line":0,"column":0},"skip":true},"21":{"start":{"line":0,"column":0},"end":{"line":0,"column":0},"skip":true},"22":{"start":{"line":0,"column":0},"end":{"line":0,"column":0},"skip":true},"23":{"start":{"line":0,"column":0},"end":{"line":0,"column":0},"skip":true},"24":{"start":{"line":0,"column":0},"end":{"line":0,"column":0},"skip":true},"25":{"start":{"line":0,"column":0},"end":{"line":0,"column":0},"skip":true},"26":{"start":{"line":0,"column":0},"end":{"line":0,"column":0},"skip":true},"27":{"start":{"line":1,"column":-15},"end":{"line":1,"column":-15}},"28":{"start":{"line":0,"column":0},"end":{"line":0,"column":0},"skip":true},"29":{"start":{"line":2,"column":0},"end":{"line":2,"column":0}},"30":{"start":{"line":0,"column":0},"end":{"line":0,"column":0},"skip":true},"31":{"start":{"line":0,"column":0},"end":{"line":0,"column":0},"skip":true},"32":{"start":{"line":0,"column":0},"end":{"line":0,"column":0},"skip":true},"33":{"start":{"line":0,"column":0},"end":{"line":0,"column":0},"skip":true},"34":{"start":{"line":0,"column":0},"end":{"line":0,"column":0},"skip":true},"35":{"start":{"line":0,"column":0},"end":{"line":0,"column":0},"skip":true},"36":{"start":{"line":0,"column":0},"end":{"line":0,"column":0},"skip":true},"37":{"start":{"line":0,"column":0},"end":{"line":0,"column":0},"skip":true},"38":{"start":{"line":0,"column":0},"end":{"line":0,"column":0},"skip":true},"39":{"start":{"line":0,"column":0},"end":{"line":0,"column":0},"skip":true},"40":{"start":{"line":0,"column":0},"end":{"line":0,"column":0},"skip":true},"41":{"start":{"line":0,"column":0},"end":{"line":0,"column":0},"skip":true},"42":{"start":{"line":0,"column":0},"end":{"line":0,"column":0},"skip":true},"43":{"start":{"line":0,"column":0},"end":{"line":0,"column":0},"skip":true},"44":{"start":{"line":0,"column":0},"end":{"line":0,"column":0},"skip":true},"45":{"start":{"line":4,"column":0},"end":{"line":4,"column":0}},"46":{"start":{"line":0,"column":0},"end":{"line":0,"column":0},"skip":true},"47":{"start":{"line":9,"column":23},"end":{"line":9,"column":23}},"48":{"start":{"line":10,"column":44},"end":{"line":10,"column":44}},"49":{"start":{"line":12,"column":0},"end":{"line":12,"column":0}},"50":{"start":{"line":12,"column":16},"end":{"line":12,"column":16}},"51":{"start":{"line":12,"column":56},"end":{"line":12,"column":56}},"52":{"start":{"line":14,"column":0},"end":{"line":14,"column":0}},"53":{"start":{"line":14,"column":39},"end":{"line":14,"column":39}},"54":{"start":{"line":14,"column":39},"end":{"line":14,"column":39}},"55":{"start":{"line":15,"column":2},"end":{"line":15,"column":2}},"56":{"start":{"line":18,"column":6},"end":{"line":18,"column":6}},"57":{"start":{"line":21,"column":6},"end":{"line":21,"column":6}},"58":{"start":{"line":30,"column":6},"end":{"line":30,"column":6}},"59":{"start":{"line":34,"column":0},"end":{"line":34,"column":0}},"60":{"start":{"line":34,"column":23},"end":{"line":34,"column":23}},"61":{"start":{"line":36,"column":0},"end":{"line":36,"column":0}},"62":{"start":{"line":36,"column":32},"end":{"line":36,"column":32}},"63":{"start":{"line":37,"column":2},"end":{"line":39,"column":3}},"64":{"start":{"line":38,"column":4},"end":{"line":38,"column":4}},"65":{"start":{"line":41,"column":2},"end":{"line":43,"column":3}},"66":{"start":{"line":42,"column":4},"end":{"line":42,"column":4}},"67":{"start":{"line":45,"column":2},"end":{"line":54,"column":3}},"68":{"start":{"line":46,"column":4},"end":{"line":46,"column":4}},"69":{"start":{"line":47,"column":4},"end":{"line":47,"column":4}},"70":{"start":{"line":49,"column":8},"end":{"line":49,"column":8}},"71":{"start":{"line":52,"column":8},"end":{"line":52,"column":8}},"72":{"start":{"line":56,"column":2},"end":{"line":56,"column":2}},"73":{"start":{"line":0,"column":0},"end":{"line":0,"column":0},"skip":true},"74":{"start":{"line":59,"column":15},"end":{"line":59,"column":15}},"75":{"start":{"line":59,"column":15},"end":{"line":59,"column":15}},"76":{"start":{"line":59,"column":54},"end":{"line":59,"column":54}},"77":{"start":{"line":59,"column":54},"end":{"line":59,"column":54}},"78":{"start":{"line":62,"column":4},"end":{"line":66,"column":5}},"79":{"start":{"line":62,"column":33},"end":{"line":62,"column":33}},"80":{"start":{"line":62,"column":33},"end":{"line":62,"column":33}},"81":{"start":{"line":64,"column":6},"end":{"line":64,"column":6}},"82":{"start":{"line":65,"column":6},"end":{"line":65,"column":6}},"83":{"start":{"line":62,"column":33},"end":{"line":62,"column":33}},"84":{"start":{"line":59,"column":54},"end":{"line":59,"column":54}},"85":{"start":{"line":72,"column":26},"end":{"line":72,"column":26}},"86":{"start":{"line":72,"column":26},"end":{"line":72,"column":26}},"87":{"start":{"line":72,"column":26},"end":{"line":72,"column":26}},"88":{"start":{"line":75,"column":6},"end":{"line":75,"column":6}},"89":{"start":{"line":76,"column":6},"end":{"line":76,"column":6}},"90":{"start":{"line":72,"column":26},"end":{"line":72,"column":26}},"91":{"start":{"line":72,"column":26},"end":{"line":72,"column":26}},"92":{"start":{"line":79,"column":6},"end":{"line":79,"column":6}},"93":{"start":{"line":81,"column":6},"end":{"line":81,"column":6}},"94":{"start":{"line":82,"column":6},"end":{"line":82,"column":6}},"95":{"start":{"line":85,"column":28},"end":{"line":85,"column":28}},"96":{"start":{"line":87,"column":6},"end":{"line":87,"column":6}},"97":{"start":{"line":91,"column":6},"end":{"line":91,"column":6}},"98":{"start":{"line":59,"column":54},"end":{"line":59,"column":54}},"99":{"start":{"line":100,"column":2},"end":{"line":100,"column":2}},"100":{"start":{"line":102,"column":6},"end":{"line":102,"column":6}},"101":{"start":{"line":105,"column":2},"end":{"line":105,"column":2}}},"branchMap":{"1":{"line":7,"type":"binary-expr","locations":[{"start":{"line":0,"column":0},"end":{"line":0,"column":0},"skip":true},{"start":{"line":0,"column":0},"end":{"line":0,"column":0},"skip":true}]},"2":{"line":7,"type":"if","locations":[{"start":{"line":0,"column":0},"end":{"line":0,"column":0},"skip":true},{"start":{"line":0,"column":0},"end":{"line":0,"column":0},"skip":true}]},"3":{"line":9,"type":"binary-expr","locations":[{"start":{"line":0,"column":0},"end":{"line":0,"column":0},"skip":true},{"start":{"line":0,"column":0},"end":{"line":0,"column":0},"skip":true}]},"4":{"line":9,"type":"if","locations":[{"start":{"line":0,"column":0},"end":{"line":0,"column":0},"skip":true},{"start":{"line":0,"column":0},"end":{"line":0,"column":0},"skip":true}]},"5":{"line":9,"type":"if","locations":[{"start":{"line":0,"column":0},"end":{"line":0,"column":0},"skip":true},{"start":{"line":0,"column":0},"end":{"line":0,"column":0},"skip":true}]},"6":{"line":9,"type":"if","locations":[{"start":{"line":0,"column":0},"end":{"line":0,"column":0},"skip":true},{"start":{"line":0,"column":0},"end":{"line":0,"column":0},"skip":true}]},"7":{"line":11,"type":"cond-expr","locations":[{"start":{"line":0,"column":0},"end":{"line":0,"column":0},"skip":true},{"start":{"line":0,"column":0},"end":{"line":0,"column":0},"skip":true}]},"8":{"line":11,"type":"binary-expr","locations":[{"start":{"line":0,"column":0},"end":{"line":0,"column":0},"skip":true},{"start":{"line":0,"column":0},"end":{"line":0,"column":0},"skip":true}]},"9":{"line":11,"type":"cond-expr","locations":[{"start":{"line":0,"column":0},"end":{"line":0,"column":0},"skip":true},{"start":{"line":0,"column":0},"end":{"line":0,"column":0},"skip":true}]},"10":{"line":11,"type":"binary-expr","locations":[{"start":{"line":0,"column":0},"end":{"line":0,"column":0},"skip":true},{"start":{"line":0,"column":0},"end":{"line":0,"column":0},"skip":true},{"start":{"line":0,"column":0},"end":{"line":0,"column":0},"skip":true}]},"11":{"line":19,"type":"cond-expr","locations":[{"start":{"line":0,"column":0},"end":{"line":0,"column":0},"skip":true},{"start":{"line":0,"column":0},"end":{"line":0,"column":0},"skip":true}]},"12":{"line":19,"type":"binary-expr","locations":[{"start":{"line":0,"column":0},"end":{"line":0,"column":0},"skip":true},{"start":{"line":0,"column":0},"end":{"line":0,"column":0},"skip":true}]},"13":{"line":21,"type":"if","locations":[{"start":{"line":0,"column":0},"end":{"line":0,"column":0},"skip":true},{"start":{"line":0,"column":0},"end":{"line":0,"column":0},"skip":true}]},"14":{"line":23,"type":"if","locations":[{"start":{"line":0,"column":0},"end":{"line":0,"column":0},"skip":true},{"start":{"line":0,"column":0},"end":{"line":0,"column":0},"skip":true}]},"15":{"line":23,"type":"cond-expr","locations":[{"start":{"line":0,"column":0},"end":{"line":0,"column":0},"skip":true},{"start":{"line":0,"column":0},"end":{"line":0,"column":0},"skip":true}]},"16":{"line":23,"type":"binary-expr","locations":[{"start":{"line":0,"column":0},"end":{"line":0,"column":0},"skip":true},{"start":{"line":0,"column":0},"end":{"line":0,"column":0},"skip":true},{"start":{"line":0,"column":0},"end":{"line":0,"column":0},"skip":true}]},"17":{"line":25,"type":"if","locations":[{"start":{"line":0,"column":0},"end":{"line":0,"column":0},"skip":true},{"start":{"line":0,"column":0},"end":{"line":0,"column":0},"skip":true}]},"18":{"line":25,"type":"binary-expr","locations":[{"start":{"line":0,"column":0},"end":{"line":0,"column":0},"skip":true},{"start":{"line":0,"column":0},"end":{"line":0,"column":0},"skip":true}]},"19":{"line":25,"type":"binary-expr","locations":[{"start":{"line":0,"column":0},"end":{"line":0,"column":0},"skip":true},{"start":{"line":0,"column":0},"end":{"line":0,"column":0},"skip":true}]},"20":{"line":25,"type":"if","locations":[{"start":{"line":0,"column":0},"end":{"line":0,"column":0},"skip":true},{"start":{"line":0,"column":0},"end":{"line":0,"column":0},"skip":true}]},"21":{"line":25,"type":"cond-expr","locations":[{"start":{"line":0,"column":0},"end":{"line":0,"column":0},"skip":true},{"start":{"line":0,"column":0},"end":{"line":0,"column":0},"skip":true}]},"22":{"line":34,"type":"cond-expr","locations":[{"start":{"line":10,"column":34},"end":{"line":10,"column":2}},{"start":{"line":10,"column":44},"end":{"line":10,"column":44}}]},"23":{"line":41,"type":"cond-expr","locations":[{"start":{"line":12,"column":45},"end":{"line":12,"column":23}},{"start":{"line":12,"column":81},"end":{"line":12,"column":16}}]},"24":{"line":41,"type":"binary-expr","locations":[{"start":{"line":12,"column":24},"end":{"line":12,"column":24}},{"start":{"line":12,"column":31},"end":{"line":12,"column":23}}]},"25":{"line":50,"type":"switch","locations":[{"start":{"line":17,"column":4},"end":{"line":18,"column":6}},{"start":{"line":20,"column":4},"end":{"line":21,"column":6}},{"start":{"line":29,"column":4},"end":{"line":30,"column":6}}]},"26":{"line":69,"type":"if","locations":[{"start":{"line":37,"column":2},"end":{"line":37,"column":2}},{"start":{"line":37,"column":2},"end":{"line":37,"column":2}}]},"27":{"line":69,"type":"binary-expr","locations":[{"start":{"line":37,"column":6},"end":{"line":37,"column":6}},{"start":{"line":37,"column":34},"end":{"line":37,"column":2}}]},"28":{"line":73,"type":"if","locations":[{"start":{"line":41,"column":2},"end":{"line":41,"column":2}},{"start":{"line":41,"column":2},"end":{"line":41,"column":2}}]},"29":{"line":73,"type":"binary-expr","locations":[{"start":{"line":41,"column":6},"end":{"line":41,"column":6}},{"start":{"line":41,"column":33},"end":{"line":41,"column":2}}]},"30":{"line":78,"type":"if","locations":[{"start":{"line":45,"column":2},"end":{"line":45,"column":2}},{"start":{"line":45,"column":2},"end":{"line":45,"column":2}}]},"31":{"line":78,"type":"binary-expr","locations":[{"start":{"line":45,"column":6},"end":{"line":45,"column":6}},{"start":{"line":45,"column":34},"end":{"line":45,"column":2}}]},"32":{"line":78,"type":"cond-expr","locations":[{"start":{"line":45,"column":6},"end":{"line":45,"column":6}},{"start":{"line":45,"column":6},"end":{"line":45,"column":6}}]},"33":{"line":79,"type":"binary-expr","locations":[{"start":{"line":46,"column":17},"end":{"line":46,"column":17}},{"start":{"line":46,"column":30},"end":{"line":46,"column":4}}]},"34":{"line":80,"type":"switch","locations":[{"start":{"line":48,"column":6},"end":{"line":49,"column":8}},{"start":{"line":51,"column":6},"end":{"line":52,"column":8}}]},"35":{"line":94,"type":"cond-expr","locations":[{"start":{"line":59,"column":27},"end":{"line":59,"column":15}},{"start":{"line":59,"column":15},"end":{"line":59,"column":15}}]},"36":{"line":94,"type":"binary-expr","locations":[{"start":{"line":59,"column":15},"end":{"line":59,"column":15}},{"start":{"line":59,"column":15},"end":{"line":59,"column":15}}]}}},"/Users/scott/Dev/Code/redux-firebasev3/source/actions.js":{"path":"/Users/scott/Dev/Code/redux-firebasev3/source/actions.js","s":{"1":1,"2":1,"3":1,"4":1,"5":1,"6":0,"7":1,"8":0,"9":0,"10":0,"11":0,"12":0,"13":0,"14":1,"15":0,"16":0,"17":0,"18":1,"19":0,"20":0,"21":0,"22":0,"23":0,"24":0,"25":0,"26":0,"27":0,"28":0,"29":0,"30":1,"31":0,"32":0,"33":0,"34":0,"35":0,"36":0,"37":0,"38":0,"39":0,"40":0,"41":0,"42":1,"43":0,"44":0,"45":0,"46":0,"47":0,"48":0,"49":0,"50":0,"51":0,"52":0,"53":0,"54":0,"55":0,"56":0,"57":0,"58":0,"59":0,"60":0,"61":0,"62":0,"63":0,"64":0,"65":0,"66":0,"67":0,"68":0,"69":0,"70":0,"71":0,"72":0,"73":0,"74":0,"75":0,"76":0,"77":0,"78":0,"79":0,"80":0,"81":0,"82":0,"83":0,"84":0,"85":0,"86":0,"87":0,"88":0,"89":0,"90":0,"91":0,"92":0,"93":0,"94":0,"95":0,"96":0,"97":0,"98":0,"99":0,"100":0,"101":0,"102":0,"103":0,"104":0,"105":0,"106":0,"107":1,"108":0,"109":0,"110":1,"111":0,"112":0,"113":1,"114":0,"115":0,"116":1,"117":0,"118":1,"119":0,"120":1,"121":0,"122":0,"123":0,"124":0,"125":0,"126":1,"127":0,"128":0,"129":0,"130":0,"131":0,"132":0,"133":1,"134":0,"135":0,"136":0,"137":0,"138":1,"139":0,"140":0,"141":0,"142":0,"143":0,"144":0,"145":0,"146":1,"147":0,"148":0,"149":0,"150":0,"151":1,"152":0,"153":0,"154":0,"155":0,"156":0,"157":0,"158":0,"159":0,"160":0,"161":0,"162":0,"163":0,"164":0,"165":0,"166":0,"167":1,"168":0,"169":0,"170":0,"171":0,"172":0,"173":0,"174":0,"175":0,"176":1},"b":{"1":[0,0],"2":[0,0],"3":[0,0],"4":[0,0],"5":[0,0],"6":[0,0],"7":[0,0],"8":[0,0],"9":[0,0],"10":[0,0],"11":[0,0],"12":[0,0],"13":[0,0],"14":[0,0],"15":[0,0],"16":[0,0],"17":[0,0],"18":[0,0],"19":[0,0],"20":[0,0],"21":[0,0],"22":[0,0],"23":[0,0],"24":[0,0],"25":[0,0],"26":[0,0],"27":[0,0],"28":[0,0],"29":[0,0],"30":[0,0],"31":[0,0],"32":[0,0,0,0,0,0,0,0,0,0],"33":[0,0],"34":[0,0],"35":[0,0],"36":[0,0],"37":[0,0],"38":[0,0],"39":[0,0],"40":[0,0],"41":[0,0],"42":[0,0],"43":[0,0],"44":[0,0],"45":[0,0],"46":[0,0],"47":[0,0],"48":[0,0],"49":[0,0],"50":[0,0],"51":[0,0],"52":[0,0],"53":[0,0],"54":[0,0],"55":[0,0],"56":[0,0],"57":[0,0],"58":[0,0],"59":[0,0],"60":[0,0]},"f":{"1":0,"2":0,"3":0,"4":0,"5":0,"6":0,"7":0,"8":0,"9":0,"10":0,"11":0,"12":0,"13":0,"14":0,"15":0,"16":0,"17":0,"18":0,"19":0,"20":0,"21":0,"22":0,"23":0,"24":0,"25":0,"26":0,"27":0,"28":0,"29":0,"30":0,"31":0,"32":0,"33":0,"34":0,"35":0},"fnMap":{"1":{"name":"getWatchPath","line":12,"loc":{"start":{"line":13,"column":21},"end":{"line":13,"column":21}}},"2":{"name":"setWatcher","line":16,"loc":{"start":{"line":15,"column":19},"end":{"line":15,"column":67}}},"3":{"name":"getWatcherCount","line":30,"loc":{"start":{"line":27,"column":24},"end":{"line":27,"column":72}}},"4":{"name":"getQueryIdFromPath","line":37,"loc":{"start":{"line":32,"column":27},"end":{"line":32,"column":37}}},"5":{"name":"(anonymous_5)","line":44,"loc":{"start":{"line":39,"column":42},"end":{"line":39,"column":53}}},"6":{"name":"(anonymous_6)","line":49,"loc":{"start":{"line":44,"column":12},"end":{"line":44,"column":12}}},"7":{"name":"unsetWatcher","line":56,"loc":{"start":{"line":51,"column":21},"end":{"line":51,"column":69}}},"8":{"name":"watchEvent","line":76,"loc":{"start":{"line":69,"column":26},"end":{"line":69,"column":92}}},"9":{"name":"(anonymous_9)","line":108,"loc":{"start":{"line":99,"column":92},"end":{"line":99,"column":104}}},"10":{"name":"(anonymous_10)","line":121,"loc":{"start":{"line":111,"column":15},"end":{"line":111,"column":15}}},"11":{"name":"(anonymous_11)","line":124,"loc":{"start":{"line":114,"column":24},"end":{"line":114,"column":35}}},"12":{"name":"runQuery","line":170,"loc":{"start":{"line":164,"column":19},"end":{"line":164,"column":32}}},"13":{"name":"(anonymous_13)","line":171,"loc":{"start":{"line":165,"column":12},"end":{"line":165,"column":24}}},"14":{"name":"unWatchEvent","line":192,"loc":{"start":{"line":186,"column":28},"end":{"line":186,"column":28}}},"15":{"name":"watchEvents","line":197,"loc":{"start":{"line":189,"column":27},"end":{"line":189,"column":27}}},"16":{"name":"(anonymous_16)","line":198,"loc":{"start":{"line":190,"column":19},"end":{"line":190,"column":19}}},"17":{"name":"unWatchEvents","line":203,"loc":{"start":{"line":192,"column":29},"end":{"line":192,"column":29}}},"18":{"name":"(anonymous_18)","line":204,"loc":{"start":{"line":193,"column":19},"end":{"line":193,"column":19}}},"19":{"name":"dispatchLoginError","line":209,"loc":{"start":{"line":195,"column":27},"end":{"line":195,"column":27}}},"20":{"name":"dispatchLogin","line":216,"loc":{"start":{"line":201,"column":22},"end":{"line":201,"column":22}}},"21":{"name":"unWatchUserProfile","line":224,"loc":{"start":{"line":208,"column":27},"end":{"line":208,"column":41}}},"22":{"name":"watchUserProfile","line":233,"loc":{"start":{"line":217,"column":25},"end":{"line":217,"column":49}}},"23":{"name":"(anonymous_23)","line":238,"loc":{"start":{"line":222,"column":103},"end":{"line":222,"column":111}}},"24":{"name":"login","line":247,"loc":{"start":{"line":231,"column":21},"end":{"line":231,"column":64}}},"25":{"name":"init","line":255,"loc":{"start":{"line":237,"column":20},"end":{"line":237,"column":44}}},"26":{"name":"(anonymous_26)","line":256,"loc":{"start":{"line":238,"column":37},"end":{"line":238,"column":49}}},"27":{"name":"logout","line":270,"loc":{"start":{"line":252,"column":22},"end":{"line":252,"column":46}}},"28":{"name":"createUser","line":277,"loc":{"start":{"line":259,"column":26},"end":{"line":259,"column":26}}},"29":{"name":"(anonymous_29)","line":280,"loc":{"start":{"line":260,"column":14},"end":{"line":260,"column":35}}},"30":{"name":"(anonymous_30)","line":286,"loc":{"start":{"line":268,"column":10},"end":{"line":268,"column":24}}},"31":{"name":"(anonymous_31)","line":290,"loc":{"start":{"line":273,"column":14},"end":{"line":273,"column":14}}},"32":{"name":"(anonymous_32)","line":292,"loc":{"start":{"line":274,"column":15},"end":{"line":274,"column":15}}},"33":{"name":"(anonymous_33)","line":295,"loc":{"start":{"line":276,"column":11},"end":{"line":276,"column":20}}},"34":{"name":"resetPassword","line":302,"loc":{"start":{"line":282,"column":29},"end":{"line":282,"column":60}}},"35":{"name":"(anonymous_35)","line":304,"loc":{"start":{"line":284,"column":61},"end":{"line":284,"column":70}}}},"statementMap":{"1":{"start":{"line":0,"column":0},"end":{"line":0,"column":0},"skip":true},"2":{"start":{"line":0,"column":0},"end":{"line":0,"column":0},"skip":true},"3":{"start":{"line":2,"column":0},"end":{"line":2,"column":0}},"4":{"start":{"line":11,"column":0},"end":{"line":11,"column":0}},"5":{"start":{"line":13,"column":0},"end":{"line":13,"column":0}},"6":{"start":{"line":13,"column":21},"end":{"line":13,"column":21}},"7":{"start":{"line":15,"column":0},"end":{"line":15,"column":0}},"8":{"start":{"line":15,"column":67},"end":{"line":15,"column":67}},"9":{"start":{"line":16,"column":2},"end":{"line":16,"column":2}},"10":{"start":{"line":18,"column":2},"end":{"line":22,"column":3}},"11":{"start":{"line":19,"column":4},"end":{"line":19,"column":4}},"12":{"start":{"line":21,"column":4},"end":{"line":21,"column":4}},"13":{"start":{"line":24,"column":2},"end":{"line":24,"column":2}},"14":{"start":{"line":27,"column":0},"end":{"line":27,"column":0}},"15":{"start":{"line":27,"column":72},"end":{"line":27,"column":72}},"16":{"start":{"line":28,"column":2},"end":{"line":28,"column":2}},"17":{"start":{"line":29,"column":2},"end":{"line":29,"column":2}},"18":{"start":{"line":32,"column":0},"end":{"line":32,"column":0}},"19":{"start":{"line":33,"column":2},"end":{"line":33,"column":2}},"20":{"start":{"line":34,"column":2},"end":{"line":34,"column":2}},"21":{"start":{"line":35,"column":2},"end":{"line":35,"column":2}},"22":{"start":{"line":37,"column":2},"end":{"line":37,"column":2}},"23":{"start":{"line":38,"column":2},"end":{"line":38,"column":2}},"24":{"start":{"line":39,"column":2},"end":{"line":39,"column":2}},"25":{"start":{"line":40,"column":4},"end":{"line":40,"column":4}},"26":{"start":{"line":41,"column":4},"end":{"line":43,"column":5}},"27":{"start":{"line":42,"column":6},"end":{"line":42,"column":6}},"28":{"start":{"line":44,"column":12},"end":{"line":44,"column":12}},"29":{"start":{"line":46,"column":2},"end":{"line":46,"column":2}},"30":{"start":{"line":51,"column":0},"end":{"line":51,"column":0}},"31":{"start":{"line":51,"column":69},"end":{"line":51,"column":69}},"32":{"start":{"line":52,"column":2},"end":{"line":52,"column":2}},"33":{"start":{"line":53,"column":2},"end":{"line":53,"column":2}},"34":{"start":{"line":55,"column":2},"end":{"line":57,"column":3}},"35":{"start":{"line":56,"column":4},"end":{"line":56,"column":4}},"36":{"start":{"line":59,"column":2},"end":{"line":66,"column":3}},"37":{"start":{"line":60,"column":4},"end":{"line":60,"column":4}},"38":{"start":{"line":61,"column":4},"end":{"line":63,"column":5}},"39":{"start":{"line":62,"column":6},"end":{"line":62,"column":6}},"40":{"start":{"line":64,"column":9},"end":{"line":66,"column":3}},"41":{"start":{"line":65,"column":4},"end":{"line":65,"column":4}},"42":{"start":{"line":69,"column":7},"end":{"line":69,"column":7}},"43":{"start":{"line":69,"column":92},"end":{"line":69,"column":92}},"44":{"start":{"line":70,"column":2},"end":{"line":70,"column":2}},"45":{"start":{"line":71,"column":2},"end":{"line":71,"column":2}},"46":{"start":{"line":72,"column":2},"end":{"line":72,"column":2}},"47":{"start":{"line":74,"column":2},"end":{"line":79,"column":3}},"48":{"start":{"line":75,"column":4},"end":{"line":75,"column":4}},"49":{"start":{"line":76,"column":4},"end":{"line":76,"column":4}},"50":{"start":{"line":77,"column":4},"end":{"line":77,"column":4}},"51":{"start":{"line":78,"column":4},"end":{"line":78,"column":4}},"52":{"start":{"line":81,"column":2},"end":{"line":81,"column":2}},"53":{"start":{"line":82,"column":2},"end":{"line":82,"column":2}},"54":{"start":{"line":84,"column":2},"end":{"line":93,"column":3}},"55":{"start":{"line":85,"column":4},"end":{"line":92,"column":5}},"56":{"start":{"line":87,"column":6},"end":{"line":91,"column":7}},"57":{"start":{"line":88,"column":8},"end":{"line":88,"column":8}},"58":{"start":{"line":90,"column":8},"end":{"line":90,"column":8}},"59":{"start":{"line":95,"column":2},"end":{"line":95,"column":2}},"60":{"start":{"line":97,"column":2},"end":{"line":107,"column":3}},"61":{"start":{"line":99,"column":4},"end":{"line":99,"column":4}},"62":{"start":{"line":100,"column":6},"end":{"line":105,"column":7}},"63":{"start":{"line":101,"column":8},"end":{"line":101,"column":8}},"64":{"start":{"line":109,"column":2},"end":{"line":109,"column":2}},"65":{"start":{"line":111,"column":2},"end":{"line":162,"column":3}},"66":{"start":{"line":111,"column":15},"end":{"line":111,"column":15}},"67":{"start":{"line":112,"column":4},"end":{"line":112,"column":4}},"68":{"start":{"line":114,"column":4},"end":{"line":114,"column":4}},"69":{"start":{"line":115,"column":6},"end":{"line":115,"column":6}},"70":{"start":{"line":116,"column":6},"end":{"line":116,"column":6}},"71":{"start":{"line":118,"column":10},"end":{"line":118,"column":10}},"72":{"start":{"line":119,"column":10},"end":{"line":119,"column":10}},"73":{"start":{"line":120,"column":10},"end":{"line":120,"column":10}},"74":{"start":{"line":122,"column":10},"end":{"line":122,"column":10}},"75":{"start":{"line":123,"column":10},"end":{"line":123,"column":10}},"76":{"start":{"line":124,"column":10},"end":{"line":124,"column":10}},"77":{"start":{"line":126,"column":10},"end":{"line":126,"column":10}},"78":{"start":{"line":127,"column":10},"end":{"line":127,"column":10}},"79":{"start":{"line":128,"column":10},"end":{"line":128,"column":10}},"80":{"start":{"line":130,"column":10},"end":{"line":130,"column":10}},"81":{"start":{"line":131,"column":10},"end":{"line":131,"column":10}},"82":{"start":{"line":133,"column":10},"end":{"line":133,"column":10}},"83":{"start":{"line":134,"column":10},"end":{"line":134,"column":10}},"84":{"start":{"line":136,"column":10},"end":{"line":136,"column":10}},"85":{"start":{"line":137,"column":10},"end":{"line":137,"column":10}},"86":{"start":{"line":139,"column":10},"end":{"line":139,"column":10}},"87":{"start":{"line":140,"column":10},"end":{"line":140,"column":10}},"88":{"start":{"line":141,"column":10},"end":{"line":141,"column":10}},"89":{"start":{"line":144,"column":10},"end":{"line":144,"column":10}},"90":{"start":{"line":146,"column":10},"end":{"line":146,"column":10}},"91":{"start":{"line":147,"column":10},"end":{"line":147,"column":10}},"92":{"start":{"line":148,"column":10},"end":{"line":148,"column":10}},"93":{"start":{"line":151,"column":10},"end":{"line":151,"column":10}},"94":{"start":{"line":153,"column":10},"end":{"line":153,"column":10}},"95":{"start":{"line":154,"column":10},"end":{"line":154,"column":10}},"96":{"start":{"line":155,"column":10},"end":{"line":155,"column":10}},"97":{"start":{"line":158,"column":10},"end":{"line":158,"column":10}},"98":{"start":{"line":160,"column":10},"end":{"line":160,"column":10}},"99":{"start":{"line":164,"column":2},"end":{"line":164,"column":2}},"100":{"start":{"line":165,"column":4},"end":{"line":165,"column":4}},"101":{"start":{"line":166,"column":6},"end":{"line":166,"column":6}},"102":{"start":{"line":167,"column":6},"end":{"line":167,"column":6}},"103":{"start":{"line":168,"column":6},"end":{"line":173,"column":7}},"104":{"start":{"line":169,"column":8},"end":{"line":169,"column":8}},"105":{"start":{"line":174,"column":6},"end":{"line":174,"column":6}},"106":{"start":{"line":183,"column":2},"end":{"line":183,"column":2}},"107":{"start":{"line":186,"column":7},"end":{"line":186,"column":7}},"108":{"start":{"line":186,"column":28},"end":{"line":186,"column":28}},"109":{"start":{"line":186,"column":28},"end":{"line":186,"column":28}},"110":{"start":{"line":189,"column":7},"end":{"line":189,"column":7}},"111":{"start":{"line":189,"column":27},"end":{"line":189,"column":27}},"112":{"start":{"line":190,"column":19},"end":{"line":190,"column":19}},"113":{"start":{"line":192,"column":7},"end":{"line":192,"column":7}},"114":{"start":{"line":192,"column":29},"end":{"line":192,"column":29}},"115":{"start":{"line":193,"column":19},"end":{"line":193,"column":19}},"116":{"start":{"line":195,"column":0},"end":{"line":195,"column":0}},"117":{"start":{"line":195,"column":27},"end":{"line":195,"column":27}},"118":{"start":{"line":201,"column":0},"end":{"line":201,"column":0}},"119":{"start":{"line":201,"column":22},"end":{"line":201,"column":22}},"120":{"start":{"line":208,"column":0},"end":{"line":208,"column":0}},"121":{"start":{"line":209,"column":2},"end":{"line":209,"column":2}},"122":{"start":{"line":210,"column":2},"end":{"line":210,"column":2}},"123":{"start":{"line":211,"column":2},"end":{"line":214,"column":3}},"124":{"start":{"line":212,"column":4},"end":{"line":212,"column":4}},"125":{"start":{"line":213,"column":4},"end":{"line":213,"column":4}},"126":{"start":{"line":217,"column":0},"end":{"line":217,"column":0}},"127":{"start":{"line":218,"column":2},"end":{"line":218,"column":2}},"128":{"start":{"line":219,"column":2},"end":{"line":219,"column":2}},"129":{"start":{"line":220,"column":2},"end":{"line":220,"column":2}},"130":{"start":{"line":221,"column":2},"end":{"line":228,"column":3}},"131":{"start":{"line":222,"column":4},"end":{"line":222,"column":4}},"132":{"start":{"line":223,"column":6},"end":{"line":223,"column":6}},"133":{"start":{"line":231,"column":7},"end":{"line":231,"column":7}},"134":{"start":{"line":231,"column":64},"end":{"line":231,"column":64}},"135":{"start":{"line":231,"column":64},"end":{"line":231,"column":64}},"136":{"start":{"line":232,"column":2},"end":{"line":232,"column":2}},"137":{"start":{"line":233,"column":2},"end":{"line":233,"column":2}},"138":{"start":{"line":237,"column":7},"end":{"line":237,"column":7}},"139":{"start":{"line":238,"column":2},"end":{"line":238,"column":2}},"140":{"start":{"line":239,"column":4},"end":{"line":241,"column":5}},"141":{"start":{"line":240,"column":6},"end":{"line":240,"column":6}},"142":{"start":{"line":243,"column":4},"end":{"line":243,"column":4}},"143":{"start":{"line":244,"column":4},"end":{"line":244,"column":4}},"144":{"start":{"line":246,"column":4},"end":{"line":246,"column":4}},"145":{"start":{"line":249,"column":2},"end":{"line":249,"column":2}},"146":{"start":{"line":252,"column":7},"end":{"line":252,"column":7}},"147":{"start":{"line":253,"column":2},"end":{"line":253,"column":2}},"148":{"start":{"line":254,"column":2},"end":{"line":254,"column":2}},"149":{"start":{"line":255,"column":2},"end":{"line":255,"column":2}},"150":{"start":{"line":256,"column":2},"end":{"line":256,"column":2}},"151":{"start":{"line":259,"column":7},"end":{"line":259,"column":7}},"152":{"start":{"line":259,"column":26},"end":{"line":259,"column":26}},"153":{"start":{"line":259,"column":26},"end":{"line":259,"column":26}},"154":{"start":{"line":259,"column":26},"end":{"line":259,"column":26}},"155":{"start":{"line":261,"column":4},"end":{"line":261,"column":4}},"156":{"start":{"line":262,"column":4},"end":{"line":265,"column":5}},"157":{"start":{"line":263,"column":6},"end":{"line":263,"column":6}},"158":{"start":{"line":264,"column":6},"end":{"line":264,"column":6}},"159":{"start":{"line":266,"column":4},"end":{"line":266,"column":4}},"160":{"start":{"line":269,"column":6},"end":{"line":271,"column":7}},"161":{"start":{"line":270,"column":8},"end":{"line":270,"column":8}},"162":{"start":{"line":272,"column":6},"end":{"line":272,"column":6}},"163":{"start":{"line":273,"column":14},"end":{"line":273,"column":14}},"164":{"start":{"line":274,"column":15},"end":{"line":274,"column":15}},"165":{"start":{"line":277,"column":6},"end":{"line":277,"column":6}},"166":{"start":{"line":278,"column":6},"end":{"line":278,"column":6}},"167":{"start":{"line":282,"column":7},"end":{"line":282,"column":7}},"168":{"start":{"line":283,"column":2},"end":{"line":283,"column":2}},"169":{"start":{"line":284,"column":2},"end":{"line":284,"column":2}},"170":{"start":{"line":285,"column":4},"end":{"line":294,"column":5}},"171":{"start":{"line":286,"column":6},"end":{"line":286,"column":6}},"172":{"start":{"line":288,"column":10},"end":{"line":288,"column":10}},"173":{"start":{"line":289,"column":10},"end":{"line":289,"column":10}},"174":{"start":{"line":291,"column":10},"end":{"line":291,"column":10}},"175":{"start":{"line":293,"column":6},"end":{"line":293,"column":6}},"176":{"start":{"line":0,"column":0},"end":{"line":0,"column":0},"skip":true}},"branchMap":{"1":{"line":13,"type":"cond-expr","locations":[{"start":{"line":13,"column":86},"end":{"line":13,"column":53}},{"start":{"line":13,"column":91},"end":{"line":13,"column":38}}]},"2":{"line":17,"type":"cond-expr","locations":[{"start":{"line":15,"column":53},"end":{"line":15,"column":67}},{"start":{"line":15,"column":67},"end":{"line":15,"column":67}}]},"3":{"line":17,"type":"binary-expr","locations":[{"start":{"line":15,"column":67},"end":{"line":15,"column":67}},{"start":{"line":15,"column":67},"end":{"line":15,"column":67}}]},"4":{"line":19,"type":"cond-expr","locations":[{"start":{"line":16,"column":25},"end":{"line":16,"column":13}},{"start":{"line":16,"column":50},"end":{"line":16,"column":2}}]},"5":{"line":21,"type":"if","locations":[{"start":{"line":18,"column":2},"end":{"line":18,"column":2}},{"start":{"line":18,"column":2},"end":{"line":18,"column":2}}]},"6":{"line":31,"type":"cond-expr","locations":[{"start":{"line":27,"column":58},"end":{"line":27,"column":72}},{"start":{"line":27,"column":72},"end":{"line":27,"column":72}}]},"7":{"line":31,"type":"binary-expr","locations":[{"start":{"line":27,"column":72},"end":{"line":27,"column":72}},{"start":{"line":27,"column":72},"end":{"line":27,"column":72}}]},"8":{"line":33,"type":"cond-expr","locations":[{"start":{"line":28,"column":25},"end":{"line":28,"column":13}},{"start":{"line":28,"column":50},"end":{"line":28,"column":2}}]},"9":{"line":43,"type":"cond-expr","locations":[{"start":{"line":38,"column":30},"end":{"line":38,"column":20}},{"start":{"line":38,"column":59},"end":{"line":38,"column":2}}]},"10":{"line":44,"type":"cond-expr","locations":[{"start":{"line":39,"column":26},"end":{"line":39,"column":16}},{"start":{"line":44,"column":22},"end":{"line":39,"column":2}}]},"11":{"line":46,"type":"if","locations":[{"start":{"line":41,"column":4},"end":{"line":41,"column":4}},{"start":{"line":41,"column":4},"end":{"line":41,"column":4}}]},"12":{"line":53,"type":"cond-expr","locations":[{"start":{"line":47,"column":6},"end":{"line":46,"column":9}},{"start":{"line":48,"column":8},"end":{"line":46,"column":2}}]},"13":{"line":53,"type":"binary-expr","locations":[{"start":{"line":46,"column":10},"end":{"line":46,"column":10}},{"start":{"line":46,"column":21},"end":{"line":46,"column":9}}]},"14":{"line":53,"type":"cond-expr","locations":[{"start":{"line":48,"column":19},"end":{"line":48,"column":7}},{"start":{"line":48,"column":30},"end":{"line":46,"column":2}}]},"15":{"line":57,"type":"cond-expr","locations":[{"start":{"line":51,"column":55},"end":{"line":51,"column":69}},{"start":{"line":51,"column":69},"end":{"line":51,"column":69}}]},"16":{"line":57,"type":"binary-expr","locations":[{"start":{"line":51,"column":69},"end":{"line":51,"column":69}},{"start":{"line":51,"column":69},"end":{"line":51,"column":69}}]},"17":{"line":59,"type":"binary-expr","locations":[{"start":{"line":52,"column":11},"end":{"line":52,"column":11}},{"start":{"line":52,"column":22},"end":{"line":52,"column":2}}]},"18":{"line":62,"type":"if","locations":[{"start":{"line":55,"column":2},"end":{"line":55,"column":2}},{"start":{"line":55,"column":2},"end":{"line":55,"column":2}}]},"19":{"line":66,"type":"if","locations":[{"start":{"line":59,"column":2},"end":{"line":59,"column":2}},{"start":{"line":59,"column":2},"end":{"line":59,"column":2}}]},"20":{"line":68,"type":"if","locations":[{"start":{"line":61,"column":4},"end":{"line":61,"column":4}},{"start":{"line":61,"column":4},"end":{"line":61,"column":4}}]},"21":{"line":71,"type":"if","locations":[{"start":{"line":64,"column":9},"end":{"line":64,"column":9}},{"start":{"line":64,"column":9},"end":{"line":64,"column":9}}]},"22":{"line":77,"type":"cond-expr","locations":[{"start":{"line":69,"column":82},"end":{"line":69,"column":92}},{"start":{"line":69,"column":92},"end":{"line":69,"column":92}}]},"23":{"line":77,"type":"binary-expr","locations":[{"start":{"line":69,"column":92},"end":{"line":69,"column":92}},{"start":{"line":69,"column":92},"end":{"line":69,"column":92}}]},"24":{"line":83,"type":"if","locations":[{"start":{"line":74,"column":2},"end":{"line":74,"column":2}},{"start":{"line":74,"column":2},"end":{"line":74,"column":2}}]},"25":{"line":90,"type":"cond-expr","locations":[{"start":{"line":81,"column":30},"end":{"line":81,"column":20}},{"start":{"line":81,"column":37},"end":{"line":81,"column":2}}]},"26":{"line":93,"type":"if","locations":[{"start":{"line":84,"column":2},"end":{"line":84,"column":2}},{"start":{"line":84,"column":2},"end":{"line":84,"column":2}}]},"27":{"line":94,"type":"if","locations":[{"start":{"line":85,"column":4},"end":{"line":85,"column":4}},{"start":{"line":85,"column":4},"end":{"line":85,"column":4}}]},"28":{"line":96,"type":"if","locations":[{"start":{"line":87,"column":6},"end":{"line":87,"column":6}},{"start":{"line":87,"column":6},"end":{"line":87,"column":6}}]},"29":{"line":106,"type":"if","locations":[{"start":{"line":97,"column":2},"end":{"line":97,"column":2}},{"start":{"line":97,"column":2},"end":{"line":97,"column":2}}]},"30":{"line":109,"type":"if","locations":[{"start":{"line":100,"column":6},"end":{"line":100,"column":6}},{"start":{"line":100,"column":6},"end":{"line":100,"column":6}}]},"31":{"line":120,"type":"if","locations":[{"start":{"line":111,"column":2},"end":{"line":111,"column":2}},{"start":{"line":111,"column":2},"end":{"line":111,"column":2}}]},"32":{"line":126,"type":"switch","locations":[{"start":{"line":117,"column":8},"end":{"line":120,"column":10}},{"start":{"line":121,"column":8},"end":{"line":124,"column":10}},{"start":{"line":125,"column":8},"end":{"line":128,"column":10}},{"start":{"line":129,"column":8},"end":{"line":131,"column":10}},{"start":{"line":132,"column":8},"end":{"line":134,"column":10}},{"start":{"line":135,"column":8},"end":{"line":137,"column":10}},{"start":{"line":138,"column":8},"end":{"line":144,"column":10}},{"start":{"line":145,"column":8},"end":{"line":151,"column":10}},{"start":{"line":152,"column":8},"end":{"line":158,"column":10}},{"start":{"line":159,"column":8},"end":{"line":160,"column":10}}]},"33":{"line":149,"type":"cond-expr","locations":[{"start":{"line":139,"column":43},"end":{"line":139,"column":29}},{"start":{"line":139,"column":76},"end":{"line":139,"column":10}}]},"34":{"line":149,"type":"binary-expr","locations":[{"start":{"line":139,"column":43},"end":{"line":139,"column":43}},{"start":{"line":139,"column":65},"end":{"line":139,"column":29}}]},"35":{"line":150,"type":"cond-expr","locations":[{"start":{"line":140,"column":51},"end":{"line":140,"column":25}},{"start":{"line":140,"column":58},"end":{"line":140,"column":10}}]},"36":{"line":151,"type":"cond-expr","locations":[{"start":{"line":142,"column":14},"end":{"line":141,"column":18}},{"start":{"line":143,"column":14},"end":{"line":141,"column":10}}]},"37":{"line":154,"type":"cond-expr","locations":[{"start":{"line":146,"column":43},"end":{"line":146,"column":29}},{"start":{"line":146,"column":76},"end":{"line":146,"column":10}}]},"38":{"line":154,"type":"binary-expr","locations":[{"start":{"line":146,"column":43},"end":{"line":146,"column":43}},{"start":{"line":146,"column":65},"end":{"line":146,"column":29}}]},"39":{"line":155,"type":"cond-expr","locations":[{"start":{"line":147,"column":51},"end":{"line":147,"column":25}},{"start":{"line":147,"column":58},"end":{"line":147,"column":10}}]},"40":{"line":156,"type":"cond-expr","locations":[{"start":{"line":149,"column":14},"end":{"line":148,"column":18}},{"start":{"line":150,"column":14},"end":{"line":148,"column":10}}]},"41":{"line":159,"type":"cond-expr","locations":[{"start":{"line":153,"column":41},"end":{"line":153,"column":27}},{"start":{"line":153,"column":74},"end":{"line":153,"column":10}}]},"42":{"line":159,"type":"binary-expr","locations":[{"start":{"line":153,"column":41},"end":{"line":153,"column":41}},{"start":{"line":153,"column":63},"end":{"line":153,"column":27}}]},"43":{"line":160,"type":"cond-expr","locations":[{"start":{"line":154,"column":47},"end":{"line":154,"column":23}},{"start":{"line":154,"column":54},"end":{"line":154,"column":10}}]},"44":{"line":161,"type":"cond-expr","locations":[{"start":{"line":156,"column":14},"end":{"line":155,"column":18}},{"start":{"line":157,"column":14},"end":{"line":155,"column":10}}]},"45":{"line":172,"type":"cond-expr","locations":[{"start":{"line":166,"column":43},"end":{"line":166,"column":17}},{"start":{"line":166,"column":55},"end":{"line":166,"column":6}}]},"46":{"line":173,"type":"cond-expr","locations":[{"start":{"line":167,"column":51},"end":{"line":167,"column":25}},{"start":{"line":167,"column":55},"end":{"line":167,"column":6}}]},"47":{"line":173,"type":"binary-expr","locations":[{"start":{"line":167,"column":25},"end":{"line":167,"column":25}},{"start":{"line":167,"column":34},"end":{"line":167,"column":25}}]},"48":{"line":174,"type":"if","locations":[{"start":{"line":168,"column":6},"end":{"line":168,"column":6}},{"start":{"line":168,"column":6},"end":{"line":168,"column":6}}]},"49":{"line":174,"type":"binary-expr","locations":[{"start":{"line":168,"column":10},"end":{"line":168,"column":10}},{"start":{"line":168,"column":18},"end":{"line":168,"column":6}}]},"50":{"line":193,"type":"cond-expr","locations":[{"start":{"line":186,"column":62},"end":{"line":186,"column":28}},{"start":{"line":186,"column":28},"end":{"line":186,"column":28}}]},"51":{"line":193,"type":"binary-expr","locations":[{"start":{"line":186,"column":28},"end":{"line":186,"column":28}},{"start":{"line":186,"column":28},"end":{"line":186,"column":28}}]},"52":{"line":227,"type":"if","locations":[{"start":{"line":211,"column":2},"end":{"line":211,"column":2}},{"start":{"line":211,"column":2},"end":{"line":211,"column":2}}]},"53":{"line":237,"type":"if","locations":[{"start":{"line":221,"column":2},"end":{"line":221,"column":2}},{"start":{"line":221,"column":2},"end":{"line":221,"column":2}}]},"54":{"line":257,"type":"if","locations":[{"start":{"line":239,"column":4},"end":{"line":239,"column":4}},{"start":{"line":239,"column":4},"end":{"line":239,"column":4}}]},"55":{"line":282,"type":"if","locations":[{"start":{"line":262,"column":4},"end":{"line":262,"column":4}},{"start":{"line":262,"column":4},"end":{"line":262,"column":4}}]},"56":{"line":282,"type":"binary-expr","locations":[{"start":{"line":262,"column":8},"end":{"line":262,"column":8}},{"start":{"line":262,"column":18},"end":{"line":262,"column":4}}]},"57":{"line":287,"type":"if","locations":[{"start":{"line":269,"column":6},"end":{"line":269,"column":6}},{"start":{"line":269,"column":6},"end":{"line":269,"column":6}}]},"58":{"line":287,"type":"binary-expr","locations":[{"start":{"line":269,"column":10},"end":{"line":269,"column":10}},{"start":{"line":269,"column":21},"end":{"line":269,"column":6}}]},"59":{"line":305,"type":"if","locations":[{"start":{"line":285,"column":4},"end":{"line":285,"column":4}},{"start":{"line":285,"column":4},"end":{"line":285,"column":4}}]},"60":{"line":306,"type":"switch","locations":[{"start":{"line":287,"column":8},"end":{"line":289,"column":10}},{"start":{"line":290,"column":8},"end":{"line":291,"column":10}}]}}},"/Users/scott/Dev/Code/redux-firebasev3/source/constants.js":{"path":"/Users/scott/Dev/Code/redux-firebasev3/source/constants.js","s":{"1":1,"2":1},"b":{},"f":{},"fnMap":{},"statementMap":{"1":{"start":{"line":2,"column":0},"end":{"line":2,"column":0}},"2":{"start":{"line":4,"column":0},"end":{"line":4,"column":0}}},"branchMap":{}},"/Users/scott/Dev/Code/redux-firebasev3/source/compose.js":{"path":"/Users/scott/Dev/Code/redux-firebasev3/source/compose.js","s":{"1":1,"2":1,"3":1,"4":1,"5":1,"6":1,"7":1,"8":1,"9":0,"10":0,"11":0,"12":0,"13":0,"14":0,"15":0,"16":1,"17":1,"18":1,"19":0,"20":0,"21":0,"22":0,"23":0,"24":0,"25":0,"26":0,"27":0,"28":0,"29":0,"30":0,"31":0,"32":0,"33":0,"34":0,"35":0,"36":0,"37":0,"38":0,"39":0,"40":0,"41":0,"42":0,"43":0,"44":0,"45":0,"46":0,"47":0,"48":0,"49":0,"50":0,"51":0,"52":0,"53":0,"54":0,"55":0,"56":0},"b":{"1":[1,0],"2":[1,1],"3":[0,0],"4":[0,0],"5":[1,0],"6":[1,1],"7":[0,0],"8":[0,0],"9":[0,0]},"f":{"1":1,"2":1,"3":0,"4":0,"5":0,"6":0,"7":0,"8":0,"9":0,"10":0,"11":0,"12":0,"13":0,"14":0,"15":0},"fnMap":{"1":{"name":"_interopRequireWildcard","line":15,"loc":{"start":{"line":0,"column":0},"end":{"line":0,"column":0},"skip":true},"skip":true},"2":{"name":"_interopRequireDefault","line":17,"loc":{"start":{"line":0,"column":0},"end":{"line":0,"column":0},"skip":true},"skip":true},"3":{"name":"(anonymous_3)","line":19,"loc":{"start":{"line":4,"column":15},"end":{"line":4,"column":27}}},"4":{"name":"(anonymous_4)","line":20,"loc":{"start":{"line":5,"column":9},"end":{"line":5,"column":9}}},"5":{"name":"(anonymous_5)","line":21,"loc":{"start":{"line":5,"column":17},"end":{"line":5,"column":44}}},"6":{"name":"set","line":52,"loc":{"start":{"line":35,"column":16},"end":{"line":35,"column":16}}},"7":{"name":"push","line":55,"loc":{"start":{"line":36,"column":17},"end":{"line":36,"column":17}}},"8":{"name":"remove","line":58,"loc":{"start":{"line":37,"column":19},"end":{"line":37,"column":19}}},"9":{"name":"watchEvent","line":61,"loc":{"start":{"line":38,"column":23},"end":{"line":38,"column":23}}},"10":{"name":"unWatchEvent","line":64,"loc":{"start":{"line":39,"column":25},"end":{"line":39,"column":25}}},"11":{"name":"login","line":68,"loc":{"start":{"line":40,"column":18},"end":{"line":40,"column":18}}},"12":{"name":"logout","line":71,"loc":{"start":{"line":41,"column":19},"end":{"line":41,"column":19}}},"13":{"name":"createUser","line":74,"loc":{"start":{"line":42,"column":23},"end":{"line":42,"column":23}}},"14":{"name":"resetPassword","line":77,"loc":{"start":{"line":43,"column":26},"end":{"line":43,"column":26}}},"15":{"name":"changePassword","line":80,"loc":{"start":{"line":44,"column":27},"end":{"line":44,"column":27}}}},"statementMap":{"1":{"start":{"line":0,"column":0},"end":{"line":0,"column":0},"skip":true},"2":{"start":{"line":1,"column":-15},"end":{"line":1,"column":-15}},"3":{"start":{"line":0,"column":0},"end":{"line":0,"column":0},"skip":true},"4":{"start":{"line":2,"column":0},"end":{"line":2,"column":0}},"5":{"start":{"line":0,"column":0},"end":{"line":0,"column":0},"skip":true},"6":{"start":{"line":0,"column":0},"end":{"line":0,"column":0},"skip":true},"7":{"start":{"line":0,"column":0},"end":{"line":0,"column":0},"skip":true},"8":{"start":{"line":0,"column":0},"end":{"line":0,"column":0},"skip":true},"9":{"start":{"line":0,"column":0},"end":{"line":0,"column":0},"skip":true},"10":{"start":{"line":0,"column":0},"end":{"line":0,"column":0},"skip":true},"11":{"start":{"line":0,"column":0},"end":{"line":0,"column":0},"skip":true},"12":{"start":{"line":0,"column":0},"end":{"line":0,"column":0},"skip":true},"13":{"start":{"line":0,"column":0},"end":{"line":0,"column":0},"skip":true},"14":{"start":{"line":0,"column":0},"end":{"line":0,"column":0},"skip":true},"15":{"start":{"line":0,"column":0},"end":{"line":0,"column":0},"skip":true},"16":{"start":{"line":0,"column":0},"end":{"line":0,"column":0},"skip":true},"17":{"start":{"line":0,"column":0},"end":{"line":0,"column":0},"skip":true},"18":{"start":{"line":0,"column":0},"end":{"line":0,"column":0},"skip":true},"19":{"start":{"line":5,"column":2},"end":{"line":5,"column":2}},"20":{"start":{"line":5,"column":9},"end":{"line":5,"column":9}},"21":{"start":{"line":6,"column":4},"end":{"line":6,"column":4}},"22":{"start":{"line":9,"column":4},"end":{"line":9,"column":4}},"23":{"start":{"line":5,"column":44},"end":{"line":5,"column":44}},"24":{"start":{"line":12,"column":4},"end":{"line":12,"column":4}},"25":{"start":{"line":13,"column":4},"end":{"line":13,"column":29}},"26":{"start":{"line":13,"column":29},"end":{"line":13,"column":29}},"27":{"start":{"line":14,"column":4},"end":{"line":18,"column":5}},"28":{"start":{"line":15,"column":6},"end":{"line":15,"column":6}},"29":{"start":{"line":20,"column":4},"end":{"line":20,"column":4}},"30":{"start":{"line":22,"column":4},"end":{"line":22,"column":4}},"31":{"start":{"line":24,"column":4},"end":{"line":24,"column":4}},"32":{"start":{"line":35,"column":4},"end":{"line":35,"column":4}},"33":{"start":{"line":35,"column":16},"end":{"line":35,"column":16}},"34":{"start":{"line":36,"column":4},"end":{"line":36,"column":4}},"35":{"start":{"line":36,"column":17},"end":{"line":36,"column":17}},"36":{"start":{"line":37,"column":4},"end":{"line":37,"column":4}},"37":{"start":{"line":37,"column":19},"end":{"line":37,"column":19}},"38":{"start":{"line":38,"column":4},"end":{"line":38,"column":4}},"39":{"start":{"line":38,"column":23},"end":{"line":38,"column":23}},"40":{"start":{"line":39,"column":4},"end":{"line":39,"column":4}},"41":{"start":{"line":39,"column":25},"end":{"line":39,"column":25}},"42":{"start":{"line":39,"column":25},"end":{"line":39,"column":25}},"43":{"start":{"line":40,"column":4},"end":{"line":40,"column":4}},"44":{"start":{"line":40,"column":18},"end":{"line":40,"column":18}},"45":{"start":{"line":41,"column":4},"end":{"line":41,"column":4}},"46":{"start":{"line":41,"column":19},"end":{"line":41,"column":19}},"47":{"start":{"line":42,"column":4},"end":{"line":42,"column":4}},"48":{"start":{"line":42,"column":23},"end":{"line":42,"column":23}},"49":{"start":{"line":43,"column":4},"end":{"line":43,"column":4}},"50":{"start":{"line":43,"column":26},"end":{"line":43,"column":26}},"51":{"start":{"line":44,"column":4},"end":{"line":44,"column":4}},"52":{"start":{"line":44,"column":27},"end":{"line":44,"column":27}},"53":{"start":{"line":46,"column":4},"end":{"line":46,"column":4}},"54":{"start":{"line":54,"column":4},"end":{"line":54,"column":4}},"55":{"start":{"line":56,"column":4},"end":{"line":56,"column":4}},"56":{"start":{"line":58,"column":4},"end":{"line":58,"column":4}}},"branchMap":{"1":{"line":15,"type":"if","locations":[{"start":{"line":0,"column":0},"end":{"line":0,"column":0},"skip":true},{"start":{"line":0,"column":0},"end":{"line":0,"column":0},"skip":true}]},"2":{"line":15,"type":"binary-expr","locations":[{"start":{"line":0,"column":0},"end":{"line":0,"column":0},"skip":true},{"start":{"line":0,"column":0},"end":{"line":0,"column":0},"skip":true}]},"3":{"line":15,"type":"if","locations":[{"start":{"line":0,"column":0},"end":{"line":0,"column":0},"skip":true},{"start":{"line":0,"column":0},"end":{"line":0,"column":0},"skip":true}]},"4":{"line":15,"type":"if","locations":[{"start":{"line":0,"column":0},"end":{"line":0,"column":0},"skip":true},{"start":{"line":0,"column":0},"end":{"line":0,"column":0},"skip":true}]},"5":{"line":17,"type":"cond-expr","locations":[{"start":{"line":0,"column":0},"end":{"line":0,"column":0},"skip":true},{"start":{"line":0,"column":0},"end":{"line":0,"column":0},"skip":true}]},"6":{"line":17,"type":"binary-expr","locations":[{"start":{"line":0,"column":0},"end":{"line":0,"column":0},"skip":true},{"start":{"line":0,"column":0},"end":{"line":0,"column":0},"skip":true}]},"7":{"line":30,"type":"if","locations":[{"start":{"line":13,"column":4},"end":{"line":13,"column":4}},{"start":{"line":13,"column":4},"end":{"line":13,"column":4}}]},"8":{"line":65,"type":"cond-expr","locations":[{"start":{"line":39,"column":58},"end":{"line":39,"column":25}},{"start":{"line":39,"column":25},"end":{"line":39,"column":25}}]},"9":{"line":65,"type":"binary-expr","locations":[{"start":{"line":39,"column":25},"end":{"line":39,"column":25}},{"start":{"line":39,"column":25},"end":{"line":39,"column":25}}]}}},"/Users/scott/Dev/Code/redux-firebasev3/source/reducer.js":{"path":"/Users/scott/Dev/Code/redux-firebasev3/source/reducer.js","s":{"1":1,"2":1,"3":1,"4":1,"5":0,"6":0,"7":0,"8":0,"9":0,"10":1,"11":1,"12":0,"13":0,"14":1,"15":0,"16":0,"17":0,"18":0,"19":0,"20":0,"21":0,"22":0,"23":0,"24":0,"25":0,"26":0,"27":0,"28":0,"29":0,"30":0,"31":0,"32":0,"33":0,"34":0,"35":0,"36":0},"b":{"1":[0,0],"2":[0,0],"3":[0,0],"4":[0,0],"5":[0,0],"6":[0,0,0,0,0,0,0],"7":[0,0],"8":[0,0],"9":[0,0]},"f":{"1":0,"2":0,"3":0,"4":0},"fnMap":{"1":{"name":"_toConsumableArray","line":11,"loc":{"start":{"line":0,"column":0},"end":{"line":0,"column":0},"skip":true},"skip":true},"2":{"name":"pathToArr","line":21,"loc":{"start":{"line":19,"column":18},"end":{"line":19,"column":18}}},"3":{"name":"(anonymous_3)","line":22,"loc":{"start":{"line":19,"column":50},"end":{"line":19,"column":50}}},"4":{"name":"(anonymous_4)","line":27,"loc":{"start":{"line":21,"column":15},"end":{"line":21,"column":54}}}},"statementMap":{"1":{"start":{"line":0,"column":0},"end":{"line":0,"column":0},"skip":true},"2":{"start":{"line":1,"column":-15},"end":{"line":1,"column":-15}},"3":{"start":{"line":2,"column":0},"end":{"line":2,"column":0}},"4":{"start":{"line":0,"column":0},"end":{"line":0,"column":0},"skip":true},"5":{"start":{"line":0,"column":0},"end":{"line":0,"column":0},"skip":true},"6":{"start":{"line":0,"column":0},"end":{"line":0,"column":0},"skip":true},"7":{"start":{"line":0,"column":0},"end":{"line":0,"column":0},"skip":true},"8":{"start":{"line":0,"column":0},"end":{"line":0,"column":0},"skip":true},"9":{"start":{"line":0,"column":0},"end":{"line":0,"column":0},"skip":true},"10":{"start":{"line":11,"column":0},"end":{"line":11,"column":0}},"11":{"start":{"line":19,"column":0},"end":{"line":19,"column":0}},"12":{"start":{"line":19,"column":18},"end":{"line":19,"column":18}},"13":{"start":{"line":19,"column":50},"end":{"line":19,"column":50}},"14":{"start":{"line":0,"column":0},"end":{"line":0,"column":0},"skip":true},"15":{"start":{"line":21,"column":54},"end":{"line":21,"column":54}},"16":{"start":{"line":21,"column":54},"end":{"line":21,"column":54}},"17":{"start":{"line":21,"column":54},"end":{"line":21,"column":54}},"18":{"start":{"line":23,"column":2},"end":{"line":23,"column":2}},"19":{"start":{"line":24,"column":2},"end":{"line":24,"column":2}},"20":{"start":{"line":26,"column":2},"end":{"line":26,"column":2}},"21":{"start":{"line":28,"column":4},"end":{"line":28,"column":4}},"22":{"start":{"line":28,"column":4},"end":{"line":28,"column":4}},"23":{"start":{"line":30,"column":6},"end":{"line":30,"column":6}},"24":{"start":{"line":32,"column":6},"end":{"line":32,"column":6}},"25":{"start":{"line":36,"column":6},"end":{"line":36,"column":6}},"26":{"start":{"line":40,"column":6},"end":{"line":40,"column":6}},"27":{"start":{"line":43,"column":6},"end":{"line":43,"column":6}},"28":{"start":{"line":44,"column":6},"end":{"line":44,"column":6}},"29":{"start":{"line":45,"column":6},"end":{"line":45,"column":6}},"30":{"start":{"line":46,"column":6},"end":{"line":46,"column":6}},"31":{"start":{"line":48,"column":4},"end":{"line":48,"column":4}},"32":{"start":{"line":50,"column":6},"end":{"line":50,"column":6}},"33":{"start":{"line":55,"column":6},"end":{"line":55,"column":6}},"34":{"start":{"line":64,"column":6},"end":{"line":64,"column":6}},"35":{"start":{"line":68,"column":6},"end":{"line":68,"column":6}},"36":{"start":{"line":74,"column":6},"end":{"line":74,"column":6}}},"branchMap":{"1":{"line":11,"type":"if","locations":[{"start":{"line":0,"column":0},"end":{"line":0,"column":0},"skip":true},{"start":{"line":0,"column":0},"end":{"line":0,"column":0},"skip":true}]},"2":{"line":28,"type":"cond-expr","locations":[{"start":{"line":21,"column":24},"end":{"line":21,"column":54}},{"start":{"line":21,"column":54},"end":{"line":21,"column":54}}]},"3":{"line":28,"type":"binary-expr","locations":[{"start":{"line":21,"column":54},"end":{"line":21,"column":54}},{"start":{"line":21,"column":54},"end":{"line":21,"column":54}}]},"4":{"line":29,"type":"cond-expr","locations":[{"start":{"line":21,"column":47},"end":{"line":21,"column":54}},{"start":{"line":21,"column":54},"end":{"line":21,"column":54}}]},"5":{"line":29,"type":"binary-expr","locations":[{"start":{"line":21,"column":54},"end":{"line":21,"column":54}},{"start":{"line":21,"column":54},"end":{"line":21,"column":54}}]},"6":{"line":35,"type":"switch","locations":[{"start":{"line":28,"column":4},"end":{"line":40,"column":6}},{"start":{"line":42,"column":4},"end":{"line":46,"column":6}},{"start":{"line":48,"column":4},"end":{"line":50,"column":6}},{"start":{"line":54,"column":4},"end":{"line":55,"column":6}},{"start":{"line":63,"column":4},"end":{"line":64,"column":6}},{"start":{"line":67,"column":4},"end":{"line":68,"column":6}},{"start":{"line":73,"column":4},"end":{"line":74,"column":6}}]},"7":{"line":43,"type":"cond-expr","locations":[{"start":{"line":33,"column":10},"end":{"line":32,"column":15}},{"start":{"line":34,"column":10},"end":{"line":32,"column":6}}]},"8":{"line":45,"type":"cond-expr","locations":[{"start":{"line":37,"column":10},"end":{"line":36,"column":15}},{"start":{"line":38,"column":10},"end":{"line":36,"column":6}}]},"9":{"line":58,"type":"cond-expr","locations":[{"start":{"line":51,"column":10},"end":{"line":50,"column":13}},{"start":{"line":52,"column":10},"end":{"line":50,"column":6}}]}}}}