TN:
SF:/Users/scott/Dev/Code/redux-firebasev3/source/helpers.js
FN:10,fixPath
FN:14,toJS
FN:22,pathToJS
FN:36,dataToJS
FN:52,snapshotToJS
FN:68,isLoaded
FN:73,(anonymous_7)
FN:75,(anonymous_8)
FN:80,isEmpty
FNF:9
FNH:0
FNDA:0,fixPath
FNDA:0,toJS
FNDA:0,pathToJS
FNDA:0,dataToJS
FNDA:0,snapshotToJS
FNDA:0,isLoaded
FNDA:0,(anonymous_7)
FNDA:0,(anonymous_8)
FNDA:0,isEmpty
DA:0,1
DA:1,1
DA:3,1
DA:5,1
DA:6,0
DA:7,0
DA:10,0
DA:13,1
DA:14,0
DA:15,0
DA:18,0
DA:20,0
DA:21,0
DA:24,0
DA:27,1
DA:28,0
DA:29,0
DA:32,0
DA:34,0
DA:36,0
DA:37,0
DA:40,0
DA:43,1
DA:44,0
DA:45,0
DA:48,0
DA:50,0
DA:52,0
DA:53,0
DA:56,0
DA:59,1
DA:60,0
DA:61,0
DA:64,0
DA:67,1
DA:68,0
LF:36
LH:9
BRDA:11,1,0,0
BRDA:11,1,1,0
BRDA:15,2,0,0
BRDA:15,2,1,0
BRDA:15,3,0,0
BRDA:15,3,1,0
BRDA:23,4,0,0
BRDA:23,4,1,0
BRDA:29,5,0,0
BRDA:29,5,1,0
BRDA:37,6,0,0
BRDA:37,6,1,0
BRDA:37,7,0,0
BRDA:37,7,1,0
BRDA:45,8,0,0
BRDA:45,8,1,0
BRDA:53,9,0,0
BRDA:53,9,1,0
BRDA:53,10,0,0
BRDA:53,10,1,0
BRDA:61,11,0,0
BRDA:61,11,1,0
BRDA:69,12,0,0
BRDA:69,12,1,0
BRDA:69,13,0,0
BRDA:69,13,1,0
BRDA:76,14,0,0
BRDA:76,14,1,0
BRDA:81,15,0,0
BRDA:81,15,1,0
BRF:30
BRH:0
end_of_record
TN:
SF:/Users/scott/Dev/Code/redux-firebasev3/source/index.js
FN:19,_interopRequireWildcard
FN:21,_interopRequireDefault
FNF:2
FNH:2
FNDA:1,_interopRequireWildcard
FNDA:3,_interopRequireDefault
DA:0,3
DA:2,1
DA:3,1
DA:4,1
DA:5,1
DA:7,1
LF:6
LH:6
BRDA:19,1,0,1
BRDA:19,1,1,0
BRDA:19,2,0,1
BRDA:19,2,1,1
BRDA:19,3,0,0
BRDA:19,3,1,0
BRDA:19,4,0,0
BRDA:19,4,1,0
BRDA:21,5,0,3
BRDA:21,5,1,0
BRDA:21,6,0,3
BRDA:21,6,1,3
BRF:12
BRH:12
end_of_record
TN:
SF:/Users/scott/Dev/Code/redux-firebasev3/source/connect.js
FN:7,(anonymous_1)
FN:9,(anonymous_2)
FN:9,defineProperties
FN:9,(anonymous_4)
FN:11,(anonymous_5)
FN:11,(anonymous_6)
FN:19,_interopRequireDefault
FN:21,_classCallCheck
FN:23,_possibleConstructorReturn
FN:25,_inherits
FN:32,ensureCallable
FN:34,(anonymous_12)
FN:40,flatMap
FN:41,(anonymous_14)
FN:46,createEvents
FN:63,transformEvent
FN:67,getEventsFromDefinition
FN:68,(anonymous_18)
FN:93,(anonymous_19)
FN:95,(anonymous_20)
FN:96,(anonymous_21)
FN:99,FirebaseConnect
FN:115,componentWillMount
FN:134,componentWillUnmount
FN:141,render
FN:152,store
FNF:26
FNH:10
FNDA:0,(anonymous_1)
FNDA:1,(anonymous_2)
FNDA:0,defineProperties
FNDA:0,(anonymous_4)
FNDA:0,(anonymous_5)
FNDA:0,(anonymous_6)
FNDA:1,_interopRequireDefault
FNDA:0,_classCallCheck
FNDA:0,_possibleConstructorReturn
FNDA:0,_inherits
FNDA:0,ensureCallable
FNDA:0,(anonymous_12)
FNDA:0,flatMap
FNDA:0,(anonymous_14)
FNDA:0,createEvents
FNDA:0,transformEvent
FNDA:0,getEventsFromDefinition
FNDA:0,(anonymous_18)
FNDA:0,(anonymous_19)
FNDA:0,(anonymous_20)
FNDA:0,(anonymous_21)
FNDA:0,FirebaseConnect
FNDA:0,componentWillMount
FNDA:0,componentWillUnmount
FNDA:0,render
FNDA:0,store
DA:0,1
DA:1,1
DA:2,1
DA:4,1
DA:9,0
DA:10,0
DA:12,1
DA:14,1
DA:15,0
DA:18,0
DA:21,0
DA:30,0
DA:34,1
DA:36,1
DA:37,0
DA:38,0
DA:41,0
DA:42,0
DA:45,0
DA:46,0
DA:47,0
DA:49,0
DA:52,0
DA:56,0
DA:59,0
DA:62,1
DA:64,0
DA:65,0
DA:72,0
DA:75,0
DA:76,0
DA:79,0
DA:81,0
DA:82,0
DA:85,0
DA:87,0
DA:91,0
DA:100,0
DA:102,0
DA:105,0
LF:40
LH:9
BRDA:7,1,0,1
BRDA:7,1,1,0
BRDA:7,2,0,0
BRDA:7,2,1,0
BRDA:9,3,0,0
BRDA:9,3,1,0
BRDA:9,4,0,0
BRDA:9,4,1,0
BRDA:9,5,0,0
BRDA:9,5,1,0
BRDA:9,6,0,0
BRDA:9,6,1,0
BRDA:11,7,0,1
BRDA:11,7,1,0
BRDA:11,8,0,1
BRDA:11,8,1,1
BRDA:11,9,0,0
BRDA:11,9,1,0
BRDA:11,10,0,0
BRDA:11,10,1,0
BRDA:11,10,2,0
BRDA:19,11,0,0
BRDA:19,11,1,1
BRDA:19,12,0,1
BRDA:19,12,1,1
BRDA:21,13,0,0
BRDA:21,13,1,0
BRDA:23,14,0,0
BRDA:23,14,1,0
BRDA:23,15,0,0
BRDA:23,15,1,0
BRDA:23,16,0,0
BRDA:23,16,1,0
BRDA:23,16,2,0
BRDA:25,17,0,0
BRDA:25,17,1,0
BRDA:25,18,0,0
BRDA:25,18,1,0
BRDA:25,19,0,0
BRDA:25,19,1,0
BRDA:25,20,0,0
BRDA:25,20,1,0
BRDA:25,21,0,0
BRDA:25,21,1,0
BRDA:34,22,0,0
BRDA:34,22,1,0
BRDA:41,23,0,0
BRDA:41,23,1,0
BRDA:41,24,0,0
BRDA:41,24,1,0
BRDA:50,25,0,0
BRDA:50,25,1,0
BRDA:50,25,2,0
BRDA:69,26,0,0
BRDA:69,26,1,0
BRDA:69,27,0,0
BRDA:69,27,1,0
BRDA:73,28,0,0
BRDA:73,28,1,0
BRDA:73,29,0,0
BRDA:73,29,1,0
BRDA:78,30,0,0
BRDA:78,30,1,0
BRDA:78,31,0,0
BRDA:78,31,1,0
BRDA:78,32,0,0
BRDA:78,32,1,0
BRDA:79,33,0,0
BRDA:79,33,1,0
BRDA:80,34,0,0
BRDA:80,34,1,0
BRDA:94,35,0,0
BRDA:94,35,1,0
BRDA:94,36,0,0
BRDA:94,36,1,0
BRF:75
BRH:44
end_of_record
TN:
SF:/Users/scott/Dev/Code/redux-firebasev3/source/actions.js
FN:12,getWatchPath
FN:16,setWatcher
FN:30,getWatcherCount
FN:37,getQueryIdFromPath
FN:44,(anonymous_5)
FN:49,(anonymous_6)
FN:56,unsetWatcher
FN:76,watchEvent
FN:108,(anonymous_9)
FN:121,(anonymous_10)
FN:124,(anonymous_11)
FN:170,runQuery
FN:171,(anonymous_13)
FN:192,unWatchEvent
FN:197,watchEvents
FN:198,(anonymous_16)
FN:203,unWatchEvents
FN:204,(anonymous_18)
FN:209,dispatchLoginError
FN:216,dispatchLogin
FN:224,unWatchUserProfile
FN:233,watchUserProfile
FN:238,(anonymous_23)
FN:247,login
FN:255,init
FN:256,(anonymous_26)
FN:270,logout
FN:277,createUser
FN:280,(anonymous_29)
FN:286,(anonymous_30)
FN:290,(anonymous_31)
FN:292,(anonymous_32)
FN:295,(anonymous_33)
FN:302,resetPassword
FN:304,(anonymous_35)
FNF:35
FNH:0
FNDA:0,getWatchPath
FNDA:0,setWatcher
FNDA:0,getWatcherCount
FNDA:0,getQueryIdFromPath
FNDA:0,(anonymous_5)
FNDA:0,(anonymous_6)
FNDA:0,unsetWatcher
FNDA:0,watchEvent
FNDA:0,(anonymous_9)
FNDA:0,(anonymous_10)
FNDA:0,(anonymous_11)
FNDA:0,runQuery
FNDA:0,(anonymous_13)
FNDA:0,unWatchEvent
FNDA:0,watchEvents
FNDA:0,(anonymous_16)
FNDA:0,unWatchEvents
FNDA:0,(anonymous_18)
FNDA:0,dispatchLoginError
FNDA:0,dispatchLogin
FNDA:0,unWatchUserProfile
FNDA:0,watchUserProfile
FNDA:0,(anonymous_23)
FNDA:0,login
FNDA:0,init
FNDA:0,(anonymous_26)
FNDA:0,logout
FNDA:0,createUser
FNDA:0,(anonymous_29)
FNDA:0,(anonymous_30)
FNDA:0,(anonymous_31)
FNDA:0,(anonymous_32)
FNDA:0,(anonymous_33)
FNDA:0,resetPassword
FNDA:0,(anonymous_35)
DA:0,1
DA:2,1
DA:11,1
DA:13,1
DA:15,1
DA:16,0
DA:18,0
DA:19,0
DA:21,0
DA:24,0
DA:27,1
DA:28,0
DA:29,0
DA:32,1
DA:33,0
DA:34,0
DA:35,0
DA:37,0
DA:38,0
DA:39,0
DA:40,0
DA:41,0
DA:42,0
DA:44,0
DA:46,0
DA:51,1
DA:52,0
DA:53,0
DA:55,0
DA:56,0
DA:59,0
DA:60,0
DA:61,0
DA:62,0
DA:64,0
DA:65,0
DA:69,1
DA:70,0
DA:71,0
DA:72,0
DA:74,0
DA:75,0
DA:76,0
DA:77,0
DA:78,0
DA:81,0
DA:82,0
DA:84,0
DA:85,0
DA:87,0
DA:88,0
DA:90,0
DA:95,0
DA:97,0
DA:99,0
DA:100,0
DA:101,0
DA:109,0
DA:111,0
DA:112,0
DA:114,0
DA:115,0
DA:116,0
DA:118,0
DA:119,0
DA:120,0
DA:122,0
DA:123,0
DA:124,0
DA:126,0
DA:127,0
DA:128,0
DA:130,0
DA:131,0
DA:133,0
DA:134,0
DA:136,0
DA:137,0
DA:139,0
DA:140,0
DA:141,0
DA:144,0
DA:146,0
DA:147,0
DA:148,0
DA:151,0
DA:153,0
DA:154,0
DA:155,0
DA:158,0
DA:160,0
DA:164,0
DA:165,0
DA:166,0
DA:167,0
DA:168,0
DA:169,0
DA:174,0
DA:183,0
DA:186,1
DA:189,1
DA:190,0
DA:192,1
DA:193,0
DA:195,1
DA:201,1
DA:208,1
DA:209,0
DA:210,0
DA:211,0
DA:212,0
DA:213,0
DA:217,1
DA:218,0
DA:219,0
DA:220,0
DA:221,0
DA:222,0
DA:223,0
DA:231,1
DA:232,0
DA:233,0
DA:237,1
DA:238,0
DA:239,0
DA:240,0
DA:243,0
DA:244,0
DA:246,0
DA:249,0
DA:252,1
DA:253,0
DA:254,0
DA:255,0
DA:256,0
DA:259,1
DA:261,0
DA:262,0
DA:263,0
DA:264,0
DA:266,0
DA:269,0
DA:270,0
DA:272,0
DA:273,0
DA:274,0
DA:277,0
DA:278,0
DA:282,1
DA:283,0
DA:284,0
DA:285,0
DA:286,0
DA:288,0
DA:289,0
DA:291,0
DA:293,0
LF:157
LH:21
BRDA:13,1,0,0
BRDA:13,1,1,0
BRDA:17,2,0,0
BRDA:17,2,1,0
BRDA:17,3,0,0
BRDA:17,3,1,0
BRDA:19,4,0,0
BRDA:19,4,1,0
BRDA:21,5,0,0
BRDA:21,5,1,0
BRDA:31,6,0,0
BRDA:31,6,1,0
BRDA:31,7,0,0
BRDA:31,7,1,0
BRDA:33,8,0,0
BRDA:33,8,1,0
BRDA:43,9,0,0
BRDA:43,9,1,0
BRDA:44,10,0,0
BRDA:44,10,1,0
BRDA:46,11,0,0
BRDA:46,11,1,0
BRDA:53,12,0,0
BRDA:53,12,1,0
BRDA:53,13,0,0
BRDA:53,13,1,0
BRDA:53,14,0,0
BRDA:53,14,1,0
BRDA:57,15,0,0
BRDA:57,15,1,0
BRDA:57,16,0,0
BRDA:57,16,1,0
BRDA:59,17,0,0
BRDA:59,17,1,0
BRDA:62,18,0,0
BRDA:62,18,1,0
BRDA:66,19,0,0
BRDA:66,19,1,0
BRDA:68,20,0,0
BRDA:68,20,1,0
BRDA:71,21,0,0
BRDA:71,21,1,0
BRDA:77,22,0,0
BRDA:77,22,1,0
BRDA:77,23,0,0
BRDA:77,23,1,0
BRDA:83,24,0,0
BRDA:83,24,1,0
BRDA:90,25,0,0
BRDA:90,25,1,0
BRDA:93,26,0,0
BRDA:93,26,1,0
BRDA:94,27,0,0
BRDA:94,27,1,0
BRDA:96,28,0,0
BRDA:96,28,1,0
BRDA:106,29,0,0
BRDA:106,29,1,0
BRDA:109,30,0,0
BRDA:109,30,1,0
BRDA:120,31,0,0
BRDA:120,31,1,0
BRDA:126,32,0,0
BRDA:126,32,1,0
BRDA:126,32,2,0
BRDA:126,32,3,0
BRDA:126,32,4,0
BRDA:126,32,5,0
BRDA:126,32,6,0
BRDA:126,32,7,0
BRDA:126,32,8,0
BRDA:126,32,9,0
BRDA:149,33,0,0
BRDA:149,33,1,0
BRDA:149,34,0,0
BRDA:149,34,1,0
BRDA:150,35,0,0
BRDA:150,35,1,0
BRDA:151,36,0,0
BRDA:151,36,1,0
BRDA:154,37,0,0
BRDA:154,37,1,0
BRDA:154,38,0,0
BRDA:154,38,1,0
BRDA:155,39,0,0
BRDA:155,39,1,0
BRDA:156,40,0,0
BRDA:156,40,1,0
BRDA:159,41,0,0
BRDA:159,41,1,0
BRDA:159,42,0,0
BRDA:159,42,1,0
BRDA:160,43,0,0
BRDA:160,43,1,0
BRDA:161,44,0,0
BRDA:161,44,1,0
BRDA:172,45,0,0
BRDA:172,45,1,0
BRDA:173,46,0,0
BRDA:173,46,1,0
BRDA:173,47,0,0
BRDA:173,47,1,0
BRDA:174,48,0,0
BRDA:174,48,1,0
BRDA:174,49,0,0
BRDA:174,49,1,0
BRDA:193,50,0,0
BRDA:193,50,1,0
BRDA:193,51,0,0
BRDA:193,51,1,0
BRDA:227,52,0,0
BRDA:227,52,1,0
BRDA:237,53,0,0
BRDA:237,53,1,0
BRDA:257,54,0,0
BRDA:257,54,1,0
BRDA:282,55,0,0
BRDA:282,55,1,0
BRDA:282,56,0,0
BRDA:282,56,1,0
BRDA:287,57,0,0
BRDA:287,57,1,0
BRDA:287,58,0,0
BRDA:287,58,1,0
BRDA:305,59,0,0
BRDA:305,59,1,0
BRDA:306,60,0,0
BRDA:306,60,1,0
BRF:128
BRH:0
end_of_record
TN:
SF:/Users/scott/Dev/Code/redux-firebasev3/source/constants.js
FNF:0
FNH:0
DA:2,1
DA:4,1
LF:2
LH:2
BRF:0
BRH:0
end_of_record
TN:
SF:/Users/scott/Dev/Code/redux-firebasev3/source/compose.js
FN:15,_interopRequireWildcard
FN:17,_interopRequireDefault
FN:19,(anonymous_3)
FN:20,(anonymous_4)
FN:21,(anonymous_5)
FN:52,set
FN:55,push
FN:58,remove
FN:61,watchEvent
FN:64,unWatchEvent
FN:68,login
FN:71,logout
FN:74,createUser
FN:77,resetPassword
FN:80,changePassword
FNF:15
FNH:2
FNDA:1,_interopRequireWildcard
FNDA:1,_interopRequireDefault
FNDA:0,(anonymous_3)
FNDA:0,(anonymous_4)
FNDA:0,(anonymous_5)
FNDA:0,set
FNDA:0,push
FNDA:0,remove
FNDA:0,watchEvent
FNDA:0,unWatchEvent
FNDA:0,login
FNDA:0,logout
FNDA:0,createUser
FNDA:0,resetPassword
FNDA:0,changePassword
DA:0,1
DA:1,1
DA:2,1
DA:5,0
DA:6,0
DA:9,0
DA:12,0
DA:13,0
DA:14,0
DA:15,0
DA:20,0
DA:22,0
DA:24,0
DA:35,0
DA:36,0
DA:37,0
DA:38,0
DA:39,0
DA:40,0
DA:41,0
DA:42,0
DA:43,0
DA:44,0
DA:46,0
DA:54,0
DA:56,0
DA:58,0
LF:27
LH:3
BRDA:15,1,0,1
BRDA:15,1,1,0
BRDA:15,2,0,1
BRDA:15,2,1,1
BRDA:15,3,0,0
BRDA:15,3,1,0
BRDA:15,4,0,0
BRDA:15,4,1,0
BRDA:17,5,0,1
BRDA:17,5,1,0
BRDA:17,6,0,1
BRDA:17,6,1,1
BRDA:30,7,0,0
BRDA:30,7,1,0
BRDA:65,8,0,0
BRDA:65,8,1,0
BRDA:65,9,0,0
BRDA:65,9,1,0
BRF:18
BRH:12
end_of_record
TN:
SF:/Users/scott/Dev/Code/redux-firebasev3/source/reducer.js
FN:11,_toConsumableArray
FN:21,pathToArr
FN:22,(anonymous_3)
FN:27,(anonymous_4)
FNF:4
FNH:1
FNDA:0,_toConsumableArray
FNDA:0,pathToArr
FNDA:0,(anonymous_3)
FNDA:0,(anonymous_4)
DA:0,1
DA:1,1
DA:2,1
DA:11,1
DA:19,1
DA:21,0
DA:23,0
DA:24,0
DA:26,0
DA:28,0
DA:30,0
DA:32,0
DA:36,0
DA:40,0
DA:43,0
DA:44,0
DA:45,0
DA:46,0
DA:48,0
DA:50,0
DA:55,0
DA:64,0
DA:68,0
DA:74,0
LF:24
LH:5
BRDA:11,1,0,0
BRDA:11,1,1,0
BRDA:28,2,0,0
BRDA:28,2,1,0
BRDA:28,3,0,0
BRDA:28,3,1,0
BRDA:29,4,0,0
BRDA:29,4,1,0
BRDA:29,5,0,0
BRDA:29,5,1,0
BRDA:35,6,0,0
BRDA:35,6,1,0
BRDA:35,6,2,0
BRDA:35,6,3,0
BRDA:35,6,4,0
BRDA:35,6,5,0
BRDA:35,6,6,0
BRDA:43,7,0,0
BRDA:43,7,1,0
BRDA:45,8,0,0
BRDA:45,8,1,0
BRDA:58,9,0,0
BRDA:58,9,1,0
BRF:23
BRH:2
end_of_record
